voyage to the Prehistoric Planet
the Beach Party at the Threshold of Hell
lost in Space
event Horizon
no Escape
ender's Game
equilibrium
mystery Science Theater 3000: The Movie
elysium
my Future Boyfriend
dawn of the Planet of the Apes
seeking a Friend for the End of the World
demolition Man
nemesis
star Trek V: The Final Frontier
rise of the Planet of the Apes
star Trek IV: The Voyage Home
encrypt
the Adventures of Pluto Nash
highlander II: The Quickening
g.I. Joe: The Rise of Cobra
a Sound of Thunder
repo! The Genetic Opera
a Boy and His Dog
godzilla: Final Wars
star Trek: First Contact
twilight of the Dark Master
red Planet
the Dark Knight Rises
star Trek Into Darkness
star Trek Generations
star Trek: Nemesis
space Truckers
supernaturals
solar Crisis
star Crystal
looper
returner
roboCop
pacific Rim
minority Report
the Fifth Element
the Age of Stupid
deathsport
the Book of Eli
i, Robot
the Island
doom
mindwarp
pandorum
moon 44
