A Boy and His Dog
A Sound of Thunder
A.I. Artificial Intelligence
A.P.E.X.
After Earth
Akira
Alien
Alien 3
Alien Intruder
Alien: Resurrection
Aliens
Android
Appleseed
Arena
Ark
Astro Boy
Automata
Avatar
Babylon A.D.
Barb Wire
Batman Beyond: Return of the Joker
Battlefield Earth
Beneath the Planet of the Apes
Beyond the Time Barrier
Big Hero 6
Bill & Ted's Bogus Journey
Bill & Ted's Excellent Adventure
Blade Runner
Brick Mansions
Buck Rogers in the 25th Century
Captive Women
Cargo
Cherry 2000
Children of Men
Chrysalis
City Beneath the Sea
Cloud Atlas
Cowboy Bebop: The Movie
Cyborg 2
Cyborg 2087
Daleks ? Invasion Earth: 2150 A.D.
Dawn of the Planet of the Apes
Daybreakers
Death Racers
Deathsport
Demolition Man
Doom
Doomsday
Dracula 3000
Elysium
Encrypt
Ender's Game
Endgame
Equilibrium
Event Horizon
Final Fantasy: The Spirits Within
Forbidden Planet
Fortress
Futuresport
G.I. Joe: Retaliation
G.I. Joe: The Rise of Cobra
Gamer
Ghost in the Shell 2: Innocence
Ghosts of Mars
Girl of the 21st Century
Godzilla: Final Wars
Halo 4: Forward Unto Dawn
Happy Accidents
Hellraiser: Bloodline
Her
Highlander II: The Quickening
I.K.U.
Idiocracy
Impostor
In Time
In the Year 2889
Interstellar
Iron Sky
Iron Sky: The Coming Race
It's All About Love
Johnny Mnemonic
Journey to the Center of Time
Judge Dredd
Logan's Run
Looper
Lost in Space
Love
Love Story 2050
Meet the Robinsons
Memories
Metropolis
Mindwarp
Minority Report
Mission to Mars
Moon 44
Mr. Nobody
Mutant Chronicles
My Future Boyfriend
Mystery Science Theater 3000: The Movie
Nemesis
No Escape
Oblivion
Origin: Spirits of the Past
Pacific Rim
Pandorum
Pinocchio 3000
Pitch Black
Planet of the Apes
Prometheus
Real Steel
Red Planet
Renaissance
Repo Men
Repo! The Genetic Opera
Retrograde
Returner
Riddick
Rise of the Planet of the Apes
RoboCop
Rollerball
Screamers
Seeking a Friend for the End of the World
Serenity
Sleeper
Snowpiercer
Solar Crisis
Soylent Green
Space Truckers
Speed Racer
Star Crystal
Star Trek
Star Trek Generations
Star Trek II: The Wrath of Khan
Star Trek III: The Search for Spock
Star Trek IV: The Voyage Home
Star Trek Into Darkness
Star Trek V: The Final Frontier
Star Trek VI: The Undiscovered Country
Star Trek: First Contact
Star Trek: Insurrection
Star Trek: Nemesis
Star Trek: The Motion Picture
Starchaser: The Legend of Orin
Stealth
Sunshine
Supernaturals
Surrogates
Tank Girl
Tekken
Terminator Genisys
Terminator Salvation
The 6th Day
The Adventures of Pluto Nash
The Age of Stupid
The Beach Party at the Threshold of Hell
The Black Hole
The Book of Eli
The Chronicles of Riddick
The Dark Knight Rises
The Fifth Element
The Fountain
The Hunger Games
The Island
The New Barbarians
The Purge
The Purge: Anarchy
The Road
The Running Man
The Spirit of '76
The Terminator
The Thirteenth Floor
The Time Machine
The Wolverine
Titan A.E.
Total Recall
Trancers
Transcendence
Transformers: Age of Extinction
Twilight of the Dark Master
Ultraviolet
Vanilla Sky
Venus Wars
Vexille
Voyage to the Prehistoric Planet
WALL-E
Wing Commander
Wonderful Days
World Without End
X-Men: Days of Future Past
Zardoz
Zenon: The Zequel
Zenon: Z3
Zombie Strippers
’on Flux



"2019, After the Fall of New York"
"I, Robot"
2046
2081
A Boy and His Dog
A Sound of Thunder
A.I. Artificial Intelligence
A.P.E.X.
After Earth
Akira
Alien
Alien 3
Alien Intruder
Alien: Resurrection
Aliens
Android
Appleseed
Arena
Ark
Astro Boy
Automata
Avatar
Babylon A.D.
Barb Wire
Batman Beyond: Return of the Joker
Battlefield Earth
Beneath the Planet of the Apes
Beyond the Time Barrier
Big Hero 6
Bill & Ted's Bogus Journey
Bill & Ted's Excellent Adventure
Blade Runner
Brick Mansions
Buck Rogers in the 25th Century
Captive Women
Cargo
Cherry 2000
Children of Men
Chrysalis
City Beneath the Sea
Cloud Atlas
Cowboy Bebop: The Movie
Cyborg 2
Cyborg 2087
Daleks ? Invasion Earth: 2150 A.D.
Dawn of the Planet of the Apes
Daybreakers
Death Racers
Deathsport
Demolition Man
Doom
Doomsday
Dracula 3000
Elysium
Encrypt
Ender's Game
Endgame
Equilibrium
Event Horizon
Final Fantasy: The Spirits Within
Forbidden Planet
Fortress
Futuresport
G.I. Joe: Retaliation
G.I. Joe: The Rise of Cobra
Gamer
Ghost in the Shell 2: Innocence
Ghosts of Mars
Girl of the 21st Century
Godzilla: Final Wars
Halo 4: Forward Unto Dawn
Happy Accidents
Hellraiser: Bloodline
Her
Highlander II: The Quickening
I.K.U.
Idiocracy
Impostor
In Time
In the Year 2889
Interstellar
Iron Sky
Iron Sky: The Coming Race
It's All About Love
Johnny Mnemonic
Journey to the Center of Time
Judge Dredd
Logan's Run
Looper
Lost in Space
Love
Love Story 2050
Meet the Robinsons
Memories
Metropolis
Mindwarp
Minority Report
Mission to Mars
Moon 44
Mr. Nobody
Mutant Chronicles
My Future Boyfriend
Mystery Science Theater 3000: The Movie
Nemesis
No Escape
Oblivion
Origin: Spirits of the Past
Pacific Rim
Pandorum
Pinocchio 3000
Pitch Black
Planet of the Apes
Planet of the Apes
Prometheus
Real Steel
Red Planet
Renaissance
Repo Men
Repo! The Genetic Opera
Retrograde
Returner
Riddick
Rise of the Planet of the Apes
RoboCop
Rollerball
Screamers
Seeking a Friend for the End of the World
Serenity
Sleeper
Snowpiercer
Solar Crisis
Soylent Green
Space Truckers
Speed Racer
Star Crystal
Star Trek
Star Trek Generations
Star Trek II: The Wrath of Khan
Star Trek III: The Search for Spock
Star Trek IV: The Voyage Home
Star Trek Into Darkness
Star Trek V: The Final Frontier
Star Trek VI: The Undiscovered Country
Star Trek: First Contact
Star Trek: Insurrection
Star Trek: Nemesis
Star Trek: The Motion Picture
Starchaser: The Legend of Orin
Stealth
Sunshine
Supernaturals
Surrogates
Tank Girl
Tekken
Terminator Genisys
Terminator Salvation
The 6th Day
The Adventures of Pluto Nash
The Age of Stupid
The Beach Party at the Threshold of Hell
The Black Hole
The Book of Eli
The Chronicles of Riddick
The Dark Knight Rises
The Fifth Element
The Fountain
The Hunger Games
The Island
The New Barbarians
The Purge
The Purge: Anarchy
The Road
The Running Man
The Spirit of '76
The Terminator
The Thirteenth Floor
The Time Machine
The Time Machine
The Wolverine
Titan A.E.
Total Recall
Total Recall
Trancers
Transcendence
Transformers: Age of Extinction
Twilight of the Dark Master
Ultraviolet
Vanilla Sky
Venus Wars
Vexille
Voyage to the Prehistoric Planet
WALL-E
Wing Commander
Wonderful Days
World Without End
X-Men: Days of Future Past
Zardoz
Zenon: The Zequel
Zenon: Z3
Zombie Strippers
’on Flux
