B1,F1,M4,L14,B16,I20,L23,H24,F26,G26,F28,J32,K48,C57,B66,I67,J67,L74,E78,L81,B90,B105,G111,A114,F124,N135,H137,D139,J155,I160,D185,C192,L193,K209,D221,B226,M232,D310,N316,D318,N333,N340,F376,I383,F384,J439,N448,I458,C473,N476,D478,H482,I482,K503,I504,A507,D509,N511,H533,K538,K550,H555,D571,H574,K577,C585,G590
G1,L16,L25,M50,F51,I52,F60,A65,F71,N76,E99,J106,A107,E109,I114,M134,L166,C174,H190,J192,J211,G220,J241,B243,A244,F256,H267,B270,I273,E296,D301,F320,A333,J341,M344,H351,B378,E397,I399,F405,L418,C420,J424,F432,C439,A441,M446,N459,I473,K486,L504,A510,K515,C544,A552,H552,B553,K562,B563,A564,K567,G586
I1,C18,G37,J96,J112,M144,J164,D172,D186,I202,C212,K230,E232,F266,N278,E333,A383,B388,J421,A481,M488,J512,M581
K1,M17,C52,A54,A101,L109,C186,K186,K192,H199,M210,C227,B228,E288,F322,L326,C359,G361,G365,D396,D397,B418,L437,A455,H459,C471,E473,E474,J500,F510,M539,I546,M591
M1,C9,B10,E10,D29,B31,H37,E79,G90,F94,F135,J170,C177,L201,J356,J420,E459,F495,J497,K542,E556,H558,I577
N1,M3,F45,L46,D50,H57,D68,H72,N77,M81,K85,K106,B126,H155,C165,A186,N187,I195,H227,N237,C251,D260,G270,M292,D295,G307,J317,B335,K336,C354,F370,L375,J377,M402,E403,F457,A469,F472,E478,N487,N516,C517,N523,F528,M528,J545,D573,A593
F2,I5,B9,C12,L13,E46,G50,I56,A63,B65,A67,K83,M87,M92,G96,D99,J100,K101,B103,F110,M132,G137,B143,L143,K150,L154,D167,L175,B179,L180,F187,I191,L209,C210,B211,G225,D226,H226,M234,A239,I239,E240,C248,E259,B261,H271,J275,I291,N293,B296,I311,M317,E329,D338,L346,D352,M353,A357,H367,B370,A372,J372,E380,H385,E400,N402,A406,C417,J425,E439,J440,D445,C451,I460,I474,H477,G504,F531,M532,G543,C549,K553,B554,C558,G558,C559,K578,L582,M589
H2,H12,M14,L31,B34,D38,I53,H55,K63,A70,A72,I73,J81,A83,A86,G92,G93,H96,H97,F98,N100,D104,A111,A115,I117,B125,B132,G133,J137,D142,B149,A175,A180,C201,C203,N213,D224,J250,M261,M286,L294,D300,F304,B311,H327,L332,B333,C338,K345,M347,L353,D367,J370,C371,H382,H389,A397,B401,G406,A418,G420,C422,E423,H424,I424,A431,L433,A435,C435,E470,A494,G513,L513,L523,N543,H556,M556,N582,A585,C589
I2,H4,G7,H15,G16,E21,K36,N39,G40,N45,I48,J54,M55,M58,C90,M91,C104,D106,M124,D141,N143,A145,H152,K154,L156,B160,D162,E188,M189,C191,B195,F197,K201,N203,J204,K232,B233,I233,J240,C243,E243,J247,L259,M270,N275,A277,E280,I282,E292,M293,L298,K310,F313,G322,F323,M328,N331,F333,H333,C334,F342,F346,A347,I348,C358,K363,I365,L372,E373,E376,E384,H394,H398,B403,M410,C419,I440,C456,M463,A464,C481,G482,B505,G522,B528,J528,I535,A563,D563,E563,A569,N571,B578,N579,G587,D588,H593
K2,L4,B12,L21,C23,N23,F39,M48,N80,H87,C88,J90,A93,L94,I98,A99,F99,A103,C115,G117,J117,D124,F125,F142,M146,K167,A179,H185,N193,B199,L199,B210,G211,C216,N232,L233,G235,J239,B251,F264,N269,B274,D274,D277,A280,N296,D308,K308,C311,I313,F325,D329,M330,C332,M335,I346,D351,D362,B371,C381,F381,N386,G389,A390,C393,A399,F399,F407,E413,G419,E424,L442,H443,I447,K465,N471,J480,C485,G496,J499,K500,D503,D508,L508,H513,A518,L521,H526,L527,H532,M545,M551,K559,A568,I573,A578,F592
E3,G8,E13,H28,A32,G36,C38,A39,A41,K42,H49,K49,B51,I51,B72,G83,I89,K89,N91,K103,M113,H114,I123,M123,E128,E136,N151,I153,M171,E175,A176,E181,G191,L191,I197,H202,B206,L217,N219,E231,K231,B242,K244,B246,D259,H266,J267,N277,F280,N299,A301,G309,K317,A348,N354,L368,D378,N383,G387,L390,G392,B395,L408,L409,C415,G423,H432,F438,I441,E443,L445,L464,H475,K487,M490,H492,I495,M499,K502,I510,J521,F533,A537,G552,B556,I562,H573,J574,K583,H585,H590
H3,A4,M6,I25,B44,I45,B48,K51,H54,N60,K68,M103,A118,L132,J135,H141,K142,C147,N150,L169,A170,K179,D189,F201,D205,J209,N239,K240,M245,G254,I261,K274,A286,K287,D293,E295,F296,I298,H312,D320,D321,B349,H357,H360,D365,A367,E369,N376,F393,H402,J404,F418,N419,E428,E445,E450,M454,A480,D499,A501,I503,N512,F513,B517,G519,A523,D527,G529,D537,M564,C571
L3,G25,J28,K38,M38,K53,E60,C77,A85,A90,N94,M95,G103,E126,J143,D148,M158,N170,I172,L177,N192,K226,F235,A238,D247,D252,J262,B278,E300,B301,C308,B315,G323,I325,J329,G344,B346,M351,J355,G367,B393,D393,H409,K411,C418,N429,J468,C507,J513,F523,A528,D533,K568,E573,J590,K590
C4,F4,A11,A20,M43,J57,K62,K92,K117,E118,J123,B135,A138,G140,M148,E149,H154,N154,N158,H163,N212,C215,B236,F261,B264,N297,L299,G317,N328,N343,A345,N362,E374,B387,I395,H405,D412,H413,D418,H428,I435,M437,H441,I446,B451,D475,E476,K501,D506,B537,M554,A561,J565
G4,I11,C33,H33,J37,L55,J78,D88,H121,A134,J148,G151,B159,B165,B180,G183,C208,L211,L215,B223,J223,L226,K227,N229,B258,G272,G284,N318,I328,B330,H355,L360,K390,C402,L404,K416,M426,D453,E468,F468,N468,L472,M479,A483,C488,G495,K496,I529,E544,L547,A556,H587
F5,H17,H22,I23,B25,K31,B33,C34,D34,E42,K43,H56,K59,I64,K67,A80,L80,N87,G110,G112,J134,H140,M145,N165,F167,D168,I185,D208,E208,I212,L216,H236,M237,K249,K250,I253,H256,A264,B275,K276,D278,E281,F283,N286,A293,G294,K323,L329,N329,I330,H331,C337,M341,D343,M349,F357,J360,M368,D375,M377,N393,B397,B398,F398,D410,B417,I428,F444,F445,G445,A452,M470,G472,F493,G498,I514,M518,J529,G530,K539,L549,K560,K573,B586,B589,D593
J5,I12,G28,I33,J43,I49,N55,D70,H71,A74,E85,B89,F93,K115,E141,I141,G145,G146,K149,J160,F162,E163,D164,D173,C176,I190,M194,F198,D200,I200,I203,N207,A222,B247,C247,A253,M274,D285,E307,N308,I315,J315,C341,E346,D361,K370,J382,C394,K402,I405,M405,A410,F425,K429,C430,L431,N433,H438,B446,G447,K451,F460,L468,K476,M478,B491,N504,E514,K516,A533,J561,G567,A570,M572,E578,K592,N592
M5,D11,J23,J26,N43,M99,E105,G119,K144,G153,I163,C171,I175,K180,H188,B189,A229,F229,I230,I236,M240,C244,A310,L336,N361,J366,J395,J409,I415,G434,I465,N477,H499,G508,M526,A532,A547,H548,E559
H6,K10,K35,G55,E123,E139,A152,L155,N159,E195,C204,K279,C284,E302,H311,D330,L350,G351,M369,N413,D438,J438,M464,D486,F494,G554,K576
N7,J17,K28,A34,A48,C64,I69,J71,E72,H74,G75,M93,L112,K116,G130,N160,I164,E199,K220,F223,J234,A252,L274,N274,D276,K306,L310,M311,D319,G329,I331,M331,K333,G339,A366,D369,D371,E378,N380,M383,M386,E402,I423,F429,K444,I451,B456,K457,N489,A499,N501,C545,C554,K570,L571,D584
C8,J8,E12,L20,I40,C50,A60,E73,J83,D87,G87,A96,G107,G109,L113,I142,D146,A157,C159,K159,B162,I166,K182,N183,B185,D191,L208,B214,L231,L236,G238,G242,J246,I254,N259,K261,J269,G278,G279,A285,A287,H294,N294,H296,B308,A314,C314,B329,J331,H337,F341,N347,G369,J379,J388,I409,L416,F417,H420,K425,C426,L430,K439,L439,D446,M449,B465,G469,B471,K480,G481,J484,C486,I487,K491,F496,I496,D510,L525,M537,A548,L556,A567,H571,K574,F578,C584
F8,C108,D455,I513
H8,G10,A123,I178,N301,D449,G510
L8,E11,J16,N34,L41,G44,J53,C55,J102,F108,I116,B119,D135,K139,C148,D150,B157,L160,D161,D163,L176,N179,I180,C194,E212,E217,B221,E227,J236,K236,M236,D237,N242,D244,B250,E286,J290,G291,L315,N315,G316,C319,J320,K329,E342,K342,K343,J361,A374,C378,K378,J392,K399,D411,E416,C427,I434,H439,K446,F459,G473,K484,N485,K488,F503,E507,C522,L544,N546,F547,A551,J552,D554,K588
N8,G17,B39,A50,J52,H116,M130,A133,M160,A161,N167,F172,N197,D216,N222,G236,G237,F238,N250,D261,K275,A276,I287,K293,F303,F312,L319,E321,N360,E367,G385,H396,I400,L401,K404,J427,H430,B435,J453,G462,G477,L484,A513,C523,J524,L534,K541,M546,M553,L559
A10,J22,I30,G33,G34,L39,E45,M49,H52,G62,K64,C79,C95,N97,F106,G114,N120,L124,B166,M175,H179,K206,L207,C209,F211,K212,F219,H222,E230,K237,N267,C282,J282,B283,B286,C288,B293,I296,F297,J299,I301,F307,A309,I309,G319,C322,I324,N325,C330,E331,A335,A339,L362,B369,H369,H371,A373,B377,I380,A392,J399,A402,G414,H421,I442,A448,A475,D476,M483,D484,G485,M489,H495,L496,I502,C509,I521,C525,C526,B531,E531,B536,E538,L541,C553,B560,H569,K575,J579,F583,L593
C10,A26,C68,E76,M78,C80,F132,E142,M166,I171,B175,E210,L237,F239,H251,G297,D313,M350,F428,E435,M467,D502,F515,B544,J547,C569,L580
A12,J34,B41,M53,A62,I77,B84,F111,C113,N142,K152,H168,N169,E178,E189,E205,E215,C241,A245,L276,N304,E322,E334,N363,M365,I369,C372,N392,M395,H412,K413,E444,A456,E456,F467,G488,F518,C519,N522,I524,H559,K563
C13,N24,C29,D48,D52,D63,J66,N107,L123,G148,H157,G164,E167,H183,J187,M201,A216,E218,L223,N236,E266,K270,J271,H279,C280,D284,F317,E319,N341,H343,B351,L366,A371,L374,N382,K383,H386,L386,J397,I398,H418,K434,M441,D447,B458,G459,D461,H467,K475,L486,H489,J518,N518,K524,G537,E540,L542,C546,J550,F551,N570
J13,E14,K19,F23,N26,B30,K34,G42,A57,G77,B78,L91,K96,E101,G102,K113,A135,N149,F151,G155,F158,H180,E182,G195,A210,H213,F218,C226,I231,N249,F258,K262,D267,E267,N273,G292,B300,E310,H310,A316,L317,E326,C327,G328,F331,J347,K362,G375,M376,D384,K384,F392,L398,C400,F401,D404,I406,C412,J413,L413,E421,D423,N424,B427,I439,G467,G474,G479,C482,A497,H501,L522,I526,A535,C566,D578,A579,D592
M13,M44,B55,J60,L92,J94,B130,H149,G163,K168,F184,F185,D212,N217,M231,E237,L239,F276,M283,D307,J328,D344,E344,H345,G401,G407,E430,N432,F452,E471,M496,A505,J517,D526,H568,F575
D15,J21,N22,I28,J29,L36,G47,D58,G74,A81,B82,E83,C91,B93,L103,L104,D107,E114,B124,C131,K169,K185,I196,E198,G198,M200,B213,F222,G224,D235,L254,L258,F260,A261,E282,I292,L292,E314,B324,M327,L337,D342,A360,B382,C383,J383,L387,I391,E393,F395,D398,M403,J411,D427,J431,B432,F439,M444,E451,C470,N480,N483,F485,I486,L499,N499,N508,G509,E525,H527,J548,J551,L552,I555,N566,F569,N574,H580
A16,J61,N66,C74,H91,D92,E95,I105,M135,C145,L152,K211,C219,K224,E250,K265,M267,D268,E274,M280,H297,N300,G303,N307,M318,M326,H340,J340,I342,L342,G350,C363,D386,E398,J406,M409,K417,D422,K422,B460,H461,I461,F463,E487,C492,N493,A508,F508,K530,N545,A554,C565,N584,K587
E16,N65,F104,K147,F212,E252,G256,N262,H300,M334,E345,H366,A395,I419,C455,L460,J489,G491,B494,H531,N540,J558
F16,L17,D18,C32,N32,H36,M39,H43,A44,J65,J76,K78,I80,C81,M82,M85,L86,J95,E100,M107,H126,I128,N136,J146,E151,H156,K177,A192,G197,L198,E202,F203,J203,J205,E206,M211,I213,I220,N234,C236,F236,F259,N272,D275,N281,H285,B287,N287,G289,J297,D304,G306,N309,L323,E325,K327,K331,N337,C339,J343,M346,H353,F356,C361,N366,H387,B391,B394,N405,K409,N417,J419,G422,N427,N437,K438,N443,A444,B453,H453,B474,J482,E494,D498,F500,G503,C510,E510,C513,H518,C521,K521,K525,G526,H529,B535,B542,J578,A592
I16,E119,M129,K130,M246,I317,J354,M363,D428,J436,D459,G465,B489,B510,L520,M523,G535
E17,G20,M42,I43,M45,H47,A51,K58,M62,H77,B81,H83,N85,F92,L93,E102,J138,M140,H153,K164,L214,I225,E226,D228,J235,M256,F262,E264,G265,M268,C279,F282,F286,J300,J322,I340,C342,K348,J350,N368,C424,N444,A449,K459,A466,N469,F473,D485,F489,F507,K508,C514,J514,F542,D552,A557,M558,H561,L561,L566,A575,L577,K582,A584,E592,N593
F17,K32,F87,L126,J194,I218,H246,D254,A259,L265,G268,L333,J336,B374,I506,E519,C572
K18,B24,F30,N70,B88,N92,B94,E94,M98,B99,F113,I139,B161,G169,L173,H176,N176,D183,M184,I186,C187,A189,C189,N191,D203,G204,K207,I208,C228,H244,L244,M265,N283,E308,F309,D315,D326,H329,L335,J339,L352,L357,F371,N371,B372,I372,G374,G376,N399,G403,D416,L419,N425,C431,H431,H437,F441,D451,I459,I480,K482,G501,H512,L517,I530,H543,D548,I552,A553,M557,N578,H579,N586,D591,J592
B23,D59,G94,L106,N109,L111,C122,H127,I144,H147,M155,A182,M193,M223,C234,G246,J260,L263,A273,E293,K316,M320,I373,K375,D380,H384,C389,C401,L403,G410,J432,K464,L465,H505,L518,A531,N541,F571,G578,C581
G23,G35,A36,B42,G48,J48,L60,A76,L88,N89,M116,A119,A122,K122,C125,M152,F163,K181,D182,E186,G188,L194,J196,A218,C223,A226,L228,L249,L255,H283,M285,M287,M295,M304,A317,I321,K325,G342,K355,B368,I401,M406,E409,C414,A417,L420,G444,K445,G455,I470,A490,J496,M497,C511,D520,K528,G547,A560,J582,L588,B591
H25,E33,J41,C51,F78,L82,L90,J109,K111,M122,L139,H143,I152,J162,A168,F189,L203,M215,F274,J287,L291,E303,C321,F366,J369,F409,A416,I422,B425,D463,F486,E492,C539,B571,G571,K593
F27,E52,L69,J70,I103,D143,N178,K184,K198,C214,L235,D255,G261,B263,J265,B269,E290,I307,H391,I411,H417,C432,H454,G468,N502,F511,K512,G515,H519,G573,L575,B588,M592
A29,H35,I36,D91,E137,J145,I149,I176,B184,I194,G253,B256,B313,A329,I350,N357,E449,D450,I457,C458,D489,H497,A503,K506,B513,M535,K564
N33,K44,E53,L59,I60,L61,J69,I75,I85,A92,K105,I107,N132,B134,I135,N147,H170,B188,D192,K205,L205,D207,H208,C211,H225,E228,N230,I251,M271,K288,M294,G304,H309,I314,I335,H339,I341,M358,A369,K374,I375,D391,H406,C410,F410,C444,L449,L451,J459,B462,C466,K470,B472,I472,K472,F476,H488,I512,N529,C536,E546,D547,C563,N573
E36,C70,H85,H90,K100,H105,B108,L115,F137,E145,J191,M209,H242,A256,D256,C258,K278,L289,D290,D316,B318,J335,M336,M348,L389,E418,J435,K436,H447,G449,I536,C538,H547,L583
N36,J39,B115,M139,G179,K213,B547,G557,E580
D37,L51,A55,L129,E173,A212,C315,G366,G383,J465,E505
E37,N49,C118,A288,B361,E361,H380,F424,J434,D444,B455,E515,L531,L579
N42,B54,G88,G115,K129,A185,M202,C231,I244,K303,B410,M438,G443,D549,E591
C45,C59,F64,E96,C112,D119,E200,B238,M244,K273,L281,M315,I359,L380,M382,G388,B422,A424,N435,L436,F453,F492,H493,M524,J554,J564,I567,E589,J591
I58,I102,K107,I122,G134,J207,E379,G405,I431,A486,C508,N560
N75,D93,K104,B116,A140,L140,J161,J163,I168,D178,E184,M195,D201,G201,B204,L204,G226,G232,L242,H243,I275,I276,C278,F279,H290,A298,G298,N326,E327,B340,A350,G352,J373,D381,K389,M400,A405,K406,E427,M429,L438,F446,K452,H456,J469,H480,E528,N536,F544,H545,E557,C567,I580,F590
I86,A87,M105,D117,M127,E174,K174,L178,M183,H196,M198,N211,C221,K245,C259,C265,L275,N285,M297,J314,I378,F390,C396,G400,L405,I420,E433,L434,N453,E455,I455,D466,D507,C530,D538,H540,D560,A565,H565,J575,B585,E587
K94,A144,D169,L206,K208,F373,H393,I438,I491,G536,I543,M582
K123,D144,B220,M508
H130,F231,G326,C409,J557
B136,K391,I433,J501,M550
K155,B208,I210,M260,A294,G308,G332,N342,F516,N544,F579
