Bag Fayw
Bayd Veew
Bec Nul
Caf Kap
Civ Sat
Ckais Lob
Ckeb Teck
Ckequ Koqu
Ckil Ziw
Dayf Fick
Dit Y'r
Fayw Bag
Fick Dayf
Fox Kaip
Gak Raiw
Gayf Quayp
Gest Mayq
Goc Tuqu
Han Stil
Hig Zix
Jif Zer
Kaip Fox
Kap Caf
K'c Leem
Kem Xayt
Koqu Ckequ
Kor Thuz
Layz T'g
Leem K'c
Lob Ckais
L't Xew
Mayq Gest
Mith Xip
Nul Bec
Payc Q'b
Qain Wock
Q'b Payc
Quayp Gayf
Quok Xux
Qu'q Vec
Raiw Gak
Saj Voc
Sat Civ
Sayw Weh
Stil Han
Teck Ckeb
Tep Thav
T'g Layz
Thav Tep
Th'b Xeeq
Thuz Kor
Tuqu Goc
Vayq Z'x
Vec Qu'q
Veew Bayd
Voc Saj
Weh Sayw
Wock Qain
Xayt Kem
Xeeq Th'b
Xew L't
Xip Mith
Xux Quok
Yag Zock
Y'r Dit
Zer Jif
Ziw Ckil
Zix Hig
Zock Yag
Z'x Vayq
