0  -- set
1  -- set
2  -- mul
3  -- jgz
4  -- mul
5  -- add
6  -- jgz
4  -- mul
5  -- add
6  -- jgz
4  -- mul
5  -- add
6  -- jgz
4  -- mul
5  -- add
6  -- jgz
4  -- mul
5  -- add
6  -- jgz
4  -- mul
5  -- add
6  -- jgz
4  -- mul
5  -- add
6  -- jgz
4  -- mul
5  -- add
6  -- jgz
4  -- mul
5  -- add
6  -- jgz
4  -- mul
5  -- add
6  -- jgz
4  -- mul
5  -- add
6  -- jgz
4  -- mul
5  -- add
6  -- jgz
4  -- mul
5  -- add
6  -- jgz
4  -- mul
5  -- add
6  -- jgz
4  -- mul
5  -- add
6  -- jgz
4  -- mul
5  -- add
6  -- jgz
4  -- mul
5  -- add
6  -- jgz
4  -- mul
5  -- add
6  -- jgz
4  -- mul
5  -- add
6  -- jgz
4  -- mul
5  -- add
6  -- jgz
4  -- mul
5  -- add
6  -- jgz
4  -- mul
5  -- add
6  -- jgz
4  -- mul
5  -- add
6  -- jgz
4  -- mul
5  -- add
6  -- jgz
4  -- mul
5  -- add
6  -- jgz
4  -- mul
5  -- add
6  -- jgz
4  -- mul
5  -- add
6  -- jgz
4  -- mul
5  -- add
6  -- jgz
4  -- mul
5  -- add
6  -- jgz
4  -- mul
5  -- add
6  -- jgz
4  -- mul
5  -- add
6  -- jgz
7  -- add
8  -- set
9  -- set
10  -- mul
11  -- mod
12  -- mul
13  -- add
14  -- mod
15  -- set
16  -- mod
17  -- snd
   7656
18  -- add
19  -- jgz
10  -- mul
11  -- mod
12  -- mul
13  -- add
14  -- mod
15  -- set
16  -- mod
17  -- snd
   8238
18  -- add
19  -- jgz
10  -- mul
11  -- mod
12  -- mul
13  -- add
14  -- mod
15  -- set
16  -- mod
17  -- snd
   6004
18  -- add
19  -- jgz
10  -- mul
11  -- mod
12  -- mul
13  -- add
14  -- mod
15  -- set
16  -- mod
17  -- snd
   8332
18  -- add
19  -- jgz
10  -- mul
11  -- mod
12  -- mul
13  -- add
14  -- mod
15  -- set
16  -- mod
17  -- snd
   1278
18  -- add
19  -- jgz
10  -- mul
11  -- mod
12  -- mul
13  -- add
14  -- mod
15  -- set
16  -- mod
17  -- snd
   4390
18  -- add
19  -- jgz
10  -- mul
11  -- mod
12  -- mul
13  -- add
14  -- mod
15  -- set
16  -- mod
17  -- snd
   2853
18  -- add
19  -- jgz
10  -- mul
11  -- mod
12  -- mul
13  -- add
14  -- mod
15  -- set
16  -- mod
17  -- snd
   5192
18  -- add
19  -- jgz
10  -- mul
11  -- mod
12  -- mul
13  -- add
14  -- mod
15  -- set
16  -- mod
17  -- snd
   3260
18  -- add
19  -- jgz
10  -- mul
11  -- mod
12  -- mul
13  -- add
14  -- mod
15  -- set
16  -- mod
17  -- snd
   2145
18  -- add
19  -- jgz
10  -- mul
11  -- mod
12  -- mul
13  -- add
14  -- mod
15  -- set
16  -- mod
17  -- snd
   619
18  -- add
19  -- jgz
10  -- mul
11  -- mod
12  -- mul
13  -- add
14  -- mod
15  -- set
16  -- mod
17  -- snd
   2038
18  -- add
19  -- jgz
10  -- mul
11  -- mod
12  -- mul
13  -- add
14  -- mod
15  -- set
16  -- mod
17  -- snd
   577
18  -- add
19  -- jgz
10  -- mul
11  -- mod
12  -- mul
13  -- add
14  -- mod
15  -- set
16  -- mod
17  -- snd
   5482
18  -- add
19  -- jgz
10  -- mul
11  -- mod
12  -- mul
13  -- add
14  -- mod
15  -- set
16  -- mod
17  -- snd
   6474
18  -- add
19  -- jgz
10  -- mul
11  -- mod
12  -- mul
13  -- add
14  -- mod
15  -- set
16  -- mod
17  -- snd
   2518
18  -- add
19  -- jgz
10  -- mul
11  -- mod
12  -- mul
13  -- add
14  -- mod
15  -- set
16  -- mod
17  -- snd
   6607
18  -- add
19  -- jgz
10  -- mul
11  -- mod
12  -- mul
13  -- add
14  -- mod
15  -- set
16  -- mod
17  -- snd
   4679
18  -- add
19  -- jgz
10  -- mul
11  -- mod
12  -- mul
13  -- add
14  -- mod
15  -- set
16  -- mod
17  -- snd
   9367
18  -- add
19  -- jgz
10  -- mul
11  -- mod
12  -- mul
13  -- add
14  -- mod
15  -- set
16  -- mod
17  -- snd
   6571
18  -- add
19  -- jgz
10  -- mul
11  -- mod
12  -- mul
13  -- add
14  -- mod
15  -- set
16  -- mod
17  -- snd
   7217
18  -- add
19  -- jgz
10  -- mul
11  -- mod
12  -- mul
13  -- add
14  -- mod
15  -- set
16  -- mod
17  -- snd
   2333
18  -- add
19  -- jgz
10  -- mul
11  -- mod
12  -- mul
13  -- add
14  -- mod
15  -- set
16  -- mod
17  -- snd
   5752
18  -- add
19  -- jgz
10  -- mul
11  -- mod
12  -- mul
13  -- add
14  -- mod
15  -- set
16  -- mod
17  -- snd
   7305
18  -- add
19  -- jgz
10  -- mul
11  -- mod
12  -- mul
13  -- add
14  -- mod
15  -- set
16  -- mod
17  -- snd
   7346
18  -- add
19  -- jgz
10  -- mul
11  -- mod
12  -- mul
13  -- add
14  -- mod
15  -- set
16  -- mod
17  -- snd
   803
18  -- add
19  -- jgz
10  -- mul
11  -- mod
12  -- mul
13  -- add
14  -- mod
15  -- set
16  -- mod
17  -- snd
   2055
18  -- add
19  -- jgz
10  -- mul
11  -- mod
12  -- mul
13  -- add
14  -- mod
15  -- set
16  -- mod
17  -- snd
   3604
18  -- add
19  -- jgz
10  -- mul
11  -- mod
12  -- mul
13  -- add
14  -- mod
15  -- set
16  -- mod
17  -- snd
   8625
18  -- add
19  -- jgz
10  -- mul
11  -- mod
12  -- mul
13  -- add
14  -- mod
15  -- set
16  -- mod
17  -- snd
   1120
18  -- add
19  -- jgz
10  -- mul
11  -- mod
12  -- mul
13  -- add
14  -- mod
15  -- set
16  -- mod
17  -- snd
   8340
18  -- add
19  -- jgz
10  -- mul
11  -- mod
12  -- mul
13  -- add
14  -- mod
15  -- set
16  -- mod
17  -- snd
   7345
18  -- add
19  -- jgz
10  -- mul
11  -- mod
12  -- mul
13  -- add
14  -- mod
15  -- set
16  -- mod
17  -- snd
   693
18  -- add
19  -- jgz
10  -- mul
11  -- mod
12  -- mul
13  -- add
14  -- mod
15  -- set
16  -- mod
17  -- snd
   9212
18  -- add
19  -- jgz
10  -- mul
11  -- mod
12  -- mul
13  -- add
14  -- mod
15  -- set
16  -- mod
17  -- snd
   1898
18  -- add
19  -- jgz
10  -- mul
11  -- mod
12  -- mul
13  -- add
14  -- mod
15  -- set
16  -- mod
17  -- snd
   9469
18  -- add
19  -- jgz
10  -- mul
11  -- mod
12  -- mul
13  -- add
14  -- mod
15  -- set
16  -- mod
17  -- snd
   2218
18  -- add
19  -- jgz
10  -- mul
11  -- mod
12  -- mul
13  -- add
14  -- mod
15  -- set
16  -- mod
17  -- snd
   7166
18  -- add
19  -- jgz
10  -- mul
11  -- mod
12  -- mul
13  -- add
14  -- mod
15  -- set
16  -- mod
17  -- snd
   2298
18  -- add
19  -- jgz
10  -- mul
11  -- mod
12  -- mul
13  -- add
14  -- mod
15  -- set
16  -- mod
17  -- snd
   4500
18  -- add
19  -- jgz
10  -- mul
11  -- mod
12  -- mul
13  -- add
14  -- mod
15  -- set
16  -- mod
17  -- snd
   5664
18  -- add
19  -- jgz
10  -- mul
11  -- mod
12  -- mul
13  -- add
14  -- mod
15  -- set
16  -- mod
17  -- snd
   8205
18  -- add
19  -- jgz
10  -- mul
11  -- mod
12  -- mul
13  -- add
14  -- mod
15  -- set
16  -- mod
17  -- snd
   450
18  -- add
19  -- jgz
10  -- mul
11  -- mod
12  -- mul
13  -- add
14  -- mod
15  -- set
16  -- mod
17  -- snd
   6271
18  -- add
19  -- jgz
10  -- mul
11  -- mod
12  -- mul
13  -- add
14  -- mod
15  -- set
16  -- mod
17  -- snd
   4027
18  -- add
19  -- jgz
10  -- mul
11  -- mod
12  -- mul
13  -- add
14  -- mod
15  -- set
16  -- mod
17  -- snd
   3714
18  -- add
19  -- jgz
10  -- mul
11  -- mod
12  -- mul
13  -- add
14  -- mod
15  -- set
16  -- mod
17  -- snd
   9388
18  -- add
19  -- jgz
10  -- mul
11  -- mod
12  -- mul
13  -- add
14  -- mod
15  -- set
16  -- mod
17  -- snd
   6652
18  -- add
19  -- jgz
10  -- mul
11  -- mod
12  -- mul
13  -- add
14  -- mod
15  -- set
16  -- mod
17  -- snd
   4675
18  -- add
19  -- jgz
10  -- mul
11  -- mod
12  -- mul
13  -- add
14  -- mod
15  -- set
16  -- mod
17  -- snd
   716
18  -- add
19  -- jgz
10  -- mul
11  -- mod
12  -- mul
13  -- add
14  -- mod
15  -- set
16  -- mod
17  -- snd
   448
18  -- add
19  -- jgz
10  -- mul
11  -- mod
12  -- mul
13  -- add
14  -- mod
15  -- set
16  -- mod
17  -- snd
   743
18  -- add
19  -- jgz
10  -- mul
11  -- mod
12  -- mul
13  -- add
14  -- mod
15  -- set
16  -- mod
17  -- snd
   1857
18  -- add
19  -- jgz
10  -- mul
11  -- mod
12  -- mul
13  -- add
14  -- mod
15  -- set
16  -- mod
17  -- snd
   8850
18  -- add
19  -- jgz
10  -- mul
11  -- mod
12  -- mul
13  -- add
14  -- mod
15  -- set
16  -- mod
17  -- snd
   576
18  -- add
19  -- jgz
10  -- mul
11  -- mod
12  -- mul
13  -- add
14  -- mod
15  -- set
16  -- mod
17  -- snd
   9586
18  -- add
19  -- jgz
10  -- mul
11  -- mod
12  -- mul
13  -- add
14  -- mod
15  -- set
16  -- mod
17  -- snd
   2674
18  -- add
19  -- jgz
10  -- mul
11  -- mod
12  -- mul
13  -- add
14  -- mod
15  -- set
16  -- mod
17  -- snd
   5999
18  -- add
19  -- jgz
10  -- mul
11  -- mod
12  -- mul
13  -- add
14  -- mod
15  -- set
16  -- mod
17  -- snd
   9722
18  -- add
19  -- jgz
10  -- mul
11  -- mod
12  -- mul
13  -- add
14  -- mod
15  -- set
16  -- mod
17  -- snd
   4318
18  -- add
19  -- jgz
10  -- mul
11  -- mod
12  -- mul
13  -- add
14  -- mod
15  -- set
16  -- mod
17  -- snd
   1967
18  -- add
19  -- jgz
10  -- mul
11  -- mod
12  -- mul
13  -- add
14  -- mod
15  -- set
16  -- mod
17  -- snd
   7717
18  -- add
19  -- jgz
10  -- mul
11  -- mod
12  -- mul
13  -- add
14  -- mod
15  -- set
16  -- mod
17  -- snd
   8219
18  -- add
19  -- jgz
10  -- mul
11  -- mod
12  -- mul
13  -- add
14  -- mod
15  -- set
16  -- mod
17  -- snd
   3599
18  -- add
19  -- jgz
10  -- mul
11  -- mod
12  -- mul
13  -- add
14  -- mod
15  -- set
16  -- mod
17  -- snd
   2916
18  -- add
19  -- jgz
10  -- mul
11  -- mod
12  -- mul
13  -- add
14  -- mod
15  -- set
16  -- mod
17  -- snd
   624
18  -- add
19  -- jgz
10  -- mul
11  -- mod
12  -- mul
13  -- add
14  -- mod
15  -- set
16  -- mod
17  -- snd
   8765
18  -- add
19  -- jgz
10  -- mul
11  -- mod
12  -- mul
13  -- add
14  -- mod
15  -- set
16  -- mod
17  -- snd
   7973
18  -- add
19  -- jgz
10  -- mul
11  -- mod
12  -- mul
13  -- add
14  -- mod
15  -- set
16  -- mod
17  -- snd
   1658
18  -- add
19  -- jgz
10  -- mul
11  -- mod
12  -- mul
13  -- add
14  -- mod
15  -- set
16  -- mod
17  -- snd
   6219
18  -- add
19  -- jgz
10  -- mul
11  -- mod
12  -- mul
13  -- add
14  -- mod
15  -- set
16  -- mod
17  -- snd
   3443
18  -- add
19  -- jgz
10  -- mul
11  -- mod
12  -- mul
13  -- add
14  -- mod
15  -- set
16  -- mod
17  -- snd
   8053
18  -- add
19  -- jgz
10  -- mul
11  -- mod
12  -- mul
13  -- add
14  -- mod
15  -- set
16  -- mod
17  -- snd
   732
18  -- add
19  -- jgz
10  -- mul
11  -- mod
12  -- mul
13  -- add
14  -- mod
15  -- set
16  -- mod
17  -- snd
   1156
18  -- add
19  -- jgz
10  -- mul
11  -- mod
12  -- mul
13  -- add
14  -- mod
15  -- set
16  -- mod
17  -- snd
   6339
18  -- add
19  -- jgz
10  -- mul
11  -- mod
12  -- mul
13  -- add
14  -- mod
15  -- set
16  -- mod
17  -- snd
   2101
18  -- add
19  -- jgz
10  -- mul
11  -- mod
12  -- mul
13  -- add
14  -- mod
15  -- set
16  -- mod
17  -- snd
   1821
18  -- add
19  -- jgz
10  -- mul
11  -- mod
12  -- mul
13  -- add
14  -- mod
15  -- set
16  -- mod
17  -- snd
   9715
18  -- add
19  -- jgz
10  -- mul
11  -- mod
12  -- mul
13  -- add
14  -- mod
15  -- set
16  -- mod
17  -- snd
   7456
18  -- add
19  -- jgz
10  -- mul
11  -- mod
12  -- mul
13  -- add
14  -- mod
15  -- set
16  -- mod
17  -- snd
   3153
18  -- add
19  -- jgz
10  -- mul
11  -- mod
12  -- mul
13  -- add
14  -- mod
15  -- set
16  -- mod
17  -- snd
   4638
18  -- add
19  -- jgz
10  -- mul
11  -- mod
12  -- mul
13  -- add
14  -- mod
15  -- set
16  -- mod
17  -- snd
   395
18  -- add
19  -- jgz
10  -- mul
11  -- mod
12  -- mul
13  -- add
14  -- mod
15  -- set
16  -- mod
17  -- snd
   7782
18  -- add
19  -- jgz
10  -- mul
11  -- mod
12  -- mul
13  -- add
14  -- mod
15  -- set
16  -- mod
17  -- snd
   8023
18  -- add
19  -- jgz
10  -- mul
11  -- mod
12  -- mul
13  -- add
14  -- mod
15  -- set
16  -- mod
17  -- snd
   396
18  -- add
19  -- jgz
10  -- mul
11  -- mod
12  -- mul
13  -- add
14  -- mod
15  -- set
16  -- mod
17  -- snd
   7242
18  -- add
19  -- jgz
10  -- mul
11  -- mod
12  -- mul
13  -- add
14  -- mod
15  -- set
16  -- mod
17  -- snd
   6664
18  -- add
19  -- jgz
10  -- mul
11  -- mod
12  -- mul
13  -- add
14  -- mod
15  -- set
16  -- mod
17  -- snd
   2584
18  -- add
19  -- jgz
10  -- mul
11  -- mod
12  -- mul
13  -- add
14  -- mod
15  -- set
16  -- mod
17  -- snd
   105
18  -- add
19  -- jgz
10  -- mul
11  -- mod
12  -- mul
13  -- add
14  -- mod
15  -- set
16  -- mod
17  -- snd
   2294
18  -- add
19  -- jgz
10  -- mul
11  -- mod
12  -- mul
13  -- add
14  -- mod
15  -- set
16  -- mod
17  -- snd
   440
18  -- add
19  -- jgz
10  -- mul
11  -- mod
12  -- mul
13  -- add
14  -- mod
15  -- set
16  -- mod
17  -- snd
   1776
18  -- add
19  -- jgz
10  -- mul
11  -- mod
12  -- mul
13  -- add
14  -- mod
15  -- set
16  -- mod
17  -- snd
   1880
18  -- add
19  -- jgz
10  -- mul
11  -- mod
12  -- mul
13  -- add
14  -- mod
15  -- set
16  -- mod
17  -- snd
   8377
18  -- add
19  -- jgz
10  -- mul
11  -- mod
12  -- mul
13  -- add
14  -- mod
15  -- set
16  -- mod
17  -- snd
   3372
18  -- add
19  -- jgz
10  -- mul
11  -- mod
12  -- mul
13  -- add
14  -- mod
15  -- set
16  -- mod
17  -- snd
   8348
18  -- add
19  -- jgz
10  -- mul
11  -- mod
12  -- mul
13  -- add
14  -- mod
15  -- set
16  -- mod
17  -- snd
   4648
18  -- add
19  -- jgz
10  -- mul
11  -- mod
12  -- mul
13  -- add
14  -- mod
15  -- set
16  -- mod
17  -- snd
   4950
18  -- add
19  -- jgz
10  -- mul
11  -- mod
12  -- mul
13  -- add
14  -- mod
15  -- set
16  -- mod
17  -- snd
   7569
18  -- add
19  -- jgz
10  -- mul
11  -- mod
12  -- mul
13  -- add
14  -- mod
15  -- set
16  -- mod
17  -- snd
   6385
18  -- add
19  -- jgz
10  -- mul
11  -- mod
12  -- mul
13  -- add
14  -- mod
15  -- set
16  -- mod
17  -- snd
   6536
18  -- add
19  -- jgz
10  -- mul
11  -- mod
12  -- mul
13  -- add
14  -- mod
15  -- set
16  -- mod
17  -- snd
   1822
18  -- add
19  -- jgz
10  -- mul
11  -- mod
12  -- mul
13  -- add
14  -- mod
15  -- set
16  -- mod
17  -- snd
   7991
18  -- add
19  -- jgz
10  -- mul
11  -- mod
12  -- mul
13  -- add
14  -- mod
15  -- set
16  -- mod
17  -- snd
   1488
18  -- add
19  -- jgz
10  -- mul
11  -- mod
12  -- mul
13  -- add
14  -- mod
15  -- set
16  -- mod
17  -- snd
   1485
18  -- add
19  -- jgz
10  -- mul
11  -- mod
12  -- mul
13  -- add
14  -- mod
15  -- set
16  -- mod
17  -- snd
   7711
18  -- add
19  -- jgz
10  -- mul
11  -- mod
12  -- mul
13  -- add
14  -- mod
15  -- set
16  -- mod
17  -- snd
   5699
18  -- add
19  -- jgz
10  -- mul
11  -- mod
12  -- mul
13  -- add
14  -- mod
15  -- set
16  -- mod
17  -- snd
   1101
18  -- add
19  -- jgz
10  -- mul
11  -- mod
12  -- mul
13  -- add
14  -- mod
15  -- set
16  -- mod
17  -- snd
   3197
18  -- add
19  -- jgz
10  -- mul
11  -- mod
12  -- mul
13  -- add
14  -- mod
15  -- set
16  -- mod
17  -- snd
   2520
18  -- add
19  -- jgz
10  -- mul
11  -- mod
12  -- mul
13  -- add
14  -- mod
15  -- set
16  -- mod
17  -- snd
   2802
18  -- add
19  -- jgz
10  -- mul
11  -- mod
12  -- mul
13  -- add
14  -- mod
15  -- set
16  -- mod
17  -- snd
   1952
18  -- add
19  -- jgz
10  -- mul
11  -- mod
12  -- mul
13  -- add
14  -- mod
15  -- set
16  -- mod
17  -- snd
   1650
18  -- add
19  -- jgz
10  -- mul
11  -- mod
12  -- mul
13  -- add
14  -- mod
15  -- set
16  -- mod
17  -- snd
   1838
18  -- add
19  -- jgz
10  -- mul
11  -- mod
12  -- mul
13  -- add
14  -- mod
15  -- set
16  -- mod
17  -- snd
   4257
18  -- add
19  -- jgz
10  -- mul
11  -- mod
12  -- mul
13  -- add
14  -- mod
15  -- set
16  -- mod
17  -- snd
   3383
18  -- add
19  -- jgz
10  -- mul
11  -- mod
12  -- mul
13  -- add
14  -- mod
15  -- set
16  -- mod
17  -- snd
   9888
18  -- add
19  -- jgz
10  -- mul
11  -- mod
12  -- mul
13  -- add
14  -- mod
15  -- set
16  -- mod
17  -- snd
   7352
18  -- add
19  -- jgz
10  -- mul
11  -- mod
12  -- mul
13  -- add
14  -- mod
15  -- set
16  -- mod
17  -- snd
   3883
18  -- add
19  -- jgz
10  -- mul
11  -- mod
12  -- mul
13  -- add
14  -- mod
15  -- set
16  -- mod
17  -- snd
   6080
18  -- add
19  -- jgz
10  -- mul
11  -- mod
12  -- mul
13  -- add
14  -- mod
15  -- set
16  -- mod
17  -- snd
   3580
18  -- add
19  -- jgz
10  -- mul
11  -- mod
12  -- mul
13  -- add
14  -- mod
15  -- set
16  -- mod
17  -- snd
   3146
18  -- add
19  -- jgz
10  -- mul
11  -- mod
12  -- mul
13  -- add
14  -- mod
15  -- set
16  -- mod
17  -- snd
   3723
18  -- add
19  -- jgz
10  -- mul
11  -- mod
12  -- mul
13  -- add
14  -- mod
15  -- set
16  -- mod
17  -- snd
   5112
18  -- add
19  -- jgz
10  -- mul
11  -- mod
12  -- mul
13  -- add
14  -- mod
15  -- set
16  -- mod
17  -- snd
   5628
18  -- add
19  -- jgz
10  -- mul
11  -- mod
12  -- mul
13  -- add
14  -- mod
15  -- set
16  -- mod
17  -- snd
   3236
18  -- add
19  -- jgz
10  -- mul
11  -- mod
12  -- mul
13  -- add
14  -- mod
15  -- set
16  -- mod
17  -- snd
   3423
18  -- add
19  -- jgz
20  -- jgz
23  -- set
24  -- set
25  -- rcv
a  2147483647
3423
