las matematicas poseen no solo la verdad  sino cierta belleza suprema
las matematicas     son         el alfabeto con el cual dios ha escrito el universo
la matemtica es la ciencia del orden y la medida de bellas cadenas de razonamientos todos sencillos y faciles
las matematicas no mienten lo que hay son muchos matematicos mentirosos
henry david thoreau   escritor poeta y pensador
cuando las leyes de la matematica se refieren a la realidad no son ciertas cuando son ciertas no se refieren a la realidad
las proposiciones matemticas en cuanto tienen que ver con la realidad no son ciertas y en cuanto que son ciertas no tienen nada que ver con la realidad
albert einstein  cientifico aleman nacionalizado estadounidense
es completamente licito para una catolica evitar el embarazo recurriendo a las matematicas aunque todava esta prohibido recurrir a la fisica o a la quimica
las matemticas pueden ser definidas como aquel tema del cual no sabemos nunca lo que decimos ni si lo que decimos es verdadero
las matematicas son una gimnasia del espiritu y una preparacion para la filosofia
con numeros          se puede demostrar cualquier cosa
por que esta magnifica tecnologia cientifica que ahorra trabajo y nos hace la vida mas facil nos aporta tan poca felicidad la repuesta es esta simplemente porque aun no hemos aprendido a usarla con tino
para las personas creyentes dios esta al principio para los cientificos esta el final de todas sus reflexiones
un cientifico debe tomarse la libertad de plantear cualquier cuestion de dudar de cualquier afirmacion de corregir errores
en el fondo los cientificos somos gente con suerte podemos jugar a lo que queramos durante toda la vida
cuan terrible es lo que los cientificos guardan en sus portafolios
el mejor cientifico esta abierto a la experiencia y esta empieza con un romance es decir la idea de que todo es posible
ray bradbury  escritor estadounidense
el experimentador que no sabe lo que esta buscando no comprendera lo que encuentra
i wish it need not have happened in my time said frodo
so do i said gandalf and so do all who live to see such times but that is not for them to decide all we have to decide is what to do with the time that is given us
there comes a time when the world gets quiet and the only thing left is your own heart so youd better learn the sound of it otherwise youll never understand what its saying
books have a unique way of stopping time in a particular moment and saying lets not forget this
it has been said time heals all wounds i do not agree the wounds remain in time the mind protecting its sanity covers them with scar tissue and the pain lessens but it is never gone
how did it get so late so soon
you can have it all just not all at once
dont spend time beating on a wall hoping to transform it into a door
dont waste your time with explanations people only hear what they want to hear
it is the time you have wasted for your rose that makes your rose so important
a man who dares to waste one hour of time has not discovered the value of life
they say time heals all wounds but that presumes the source of the grief is finite
witty wise warm and just plain weird here in alphabetical order is our list of the  greatest movie quotes of all time
all those moments will be lost in time like tears in rain
roy battyrutger hauer in blade runner 
bond james bond 
sean connery in dr no  
a boys best friend is his mother 
norman batesanthony perkins in psycho 
but then i realised maybe thats what hell is the entire rest of eternity spent in fg bruges and i really really hoped i wouldnt die 
raycolin farrell in in bruges 
carpe diem seize the day boys make your lives extraordinary
john keatingrobin williams in dead poets society 
daddy my daddy 
bobbie waterburyjenny agutter in the railway children 
did you think id be too stupid to know what a eugoogly is
derek zoolanderben stiller in zoolander
enough is enough i have had it with these motherfg snakes on this motherfg plane 
neville flynnsamuel l jackson in snakes on a plane 
ever since i can remember i always wanted to be a gangster to me that was better than being president of the united states to be a gangster was to own the world
henry hillray liotta in goodfellas 
everybody runs fletch 
john andertontom cruise minority report 
fasten your seat belts its going to be a bumpy night 
margo channingbette davis in all about eve 
frankly my dear i dont give a damn 
rhett butlerclark gable in gone with the wind 
gentlemen you cant fight in here this is the war room
president merkin muffleypeter sellers in dr strangelove 
get busy living or get busy dying 
andy dufresnetim robbins in the shawshank redemption
go ahead make my day 
harry callaghanclint eastwood in sudden impact 
heres another nice mess youve gotten me into 
ollieoliver hardy in sons of the desert 
heres looking at you kid 
rick blainehumphrey bogart in casablanca 
hes not the messiah hes a very naughty boy 
the mother of brian a ratbagterry jones in monty pythons life of brian 
hey dont knock masturbation its sex with someone i love
alvy singerwoody allen in annie hall 
i am groot 
grootvin diesel in guardians of the galaxy 
i am spartacus 
the crowd in spartacus 
i ate his liver with some fava beans and a nice chianti 
hannibal lecteranthony hopkins in the silence of the lambs 
i coulda had class i coulda been a contender i coulda been somebody 
terry molloymarlon brando in on the waterfront 
i drink your milkshake 
there will be blood 
i have nipples greg could you milk me
jack byrnesrobert de niro in meet the parents 
i love lamp 
anchorman the legend of ron burgundy 
i never had any friends later on like the ones i had when i was  jesus does anyone
the writerrichard dreyfuss stand by me  
i see dead people 
cole searhaley joel osment in the sixth sense 
i want to be alone 
grusinskayagreta garbo in grand hotel 
i want to play a game 
saw 
i was cured all right
alexmalcolm mcdowell in a clockwork orange 
i wish i knew how to quit you 
jack twistjake gyllenhaal in brokeback mountain 
if you build it he will come 
shoeless joe jacksonray liotta in field of dreams 
im gonna make him an offer he cant refuse 
