abibliophobia
absquatulate
allegator
anencephalous
argle
batrachomyomachy
billingsgate
bloviate
blunderbuss
borborygm
boustrophedon
bowyang
brouhaha
bumbershoot
callipygian
canoodle
cantankerous
catercornered
cockalorum
cockamamie
codswallop
collop
collywobbles
comeuppance
crapulence
crudivore
discombobulate
donnybrook
doozy
dudgeon
ecdysiast
eructation
fard
fartlek
fatuous
filibuster
firkin
flibbertigibbet
flummox
folderol
formication
fuddy
furbelow
furphy
gaberlunzie
gardyloo
gastromancy
gazump
gobbledygook
gobemouche
godwottery
gongoozle
gonzo
goombah
hemidemisemiquaver
hobbledehoy
hocus
hoosegow
hootenanny
jackanapes
kerfuffle
klutz
la
lagopodous
lickety
lickspittle
logorrhea
lollygag
malarkey
maverick
mollycoddle
mugwump
mumpsimus
namby
nincompoop
oocephalus
ornery
pandiculation
panjandrum
pettifogger
pratfall
quean
rambunctious
ranivorous
rigmarole
shenanigan
sialoquent
skedaddle
skullduggery
slangwhanger
smellfungus
snickersnee
snollygoster
snool
tatterdemalion
troglodyte
turdiform
unremacadamized
vomitory
wabbit