1 Los Romanticos Instituto Tecnológico Autónomo de México
2 PU++ Facultad de Ciencias-Universidad Nacional Autónoma de México
3 wlog ITESM Campus Queretaro
4 E3 Universidad de Guanajuato - CIMAT
5 Cooperativa Pascal Escuela Superior De Computo Instituto Politecnico Nacional
6 Los AS Universidad Autónoma de Nuevo Leon
7 Locos ITESM Campus Monterrey
8 Sopa de pingüino Universidad Panamericana Campus Bonaterra
9 Greedies ITESM Campus Monterrey
10 ITSUR MIX LANG COFFEE Instituto Tecnológico Superior del Sur de Guanajuato
11 Perrillos Universidad de Guanajuato - CIMAT
12 FastFingers lml Instituto Tecnológico de Veracruz
14 New avengers Escuela Superior De Computo Instituto Politecnico Nacional
15 Binary lambda Instituto Tecnológico Autónomo de México
16 dic.h Universidad Panamericana Campus Bonaterra
21 Wasabi Universidad Autónoma de Coahuila
24 Duxel Instituto Tecnológico de Costa Rica campus Alajuela
25 The orden of the T-Rex Facultad de Estudios Superiores Acatlán - UNAM
27 Coding Horror Universidad Autónoma de Yucatán
28 Dagas++ Instituto Tecnologico Superior de Los Reyes
29 Programmers Squad Instituto Tecnológico Superior de El Mante
31 M3 ITESM Campus Ciudad de Mexico
32 Gleichseitiges Universidad Autónoma de Yucatán
33 HeavyMachineGun Instituto Tecnológico de Veracruz
34 TacOS ITESM Campus Puebla
36 make sandwich ITESM Campus Ciudad de Mexico
37 UAM Azcapotzalco 2016 II Universidad Autónoma Metropolitana Azcapotzalco
39 UAM Azcapotzalco 2016 Universidad Autónoma Metropolitana Azcapotzalco
41 Entscheidungsteam Universidad de Guadalajara CUCEI
42 SourceCode Universidad Autónoma de Zacatecas
43 Clfies ITESM Campus Puebla
48 ITSPR1 Instituto Tecnologico Superior de Poza Rica
51 Equipo42 ITESM Campus Estado de Mexico
52 CSF1 ITESM Campus Santa Fe
54 Nac-OS Universidad Autónoma de Aguascalientes
55 Kebabs ITESM Campus Estado de Mexico
56 LoboWar Instituto Tecnologico Superior de Ciudad Hidalgo
58 AmI-UbiCom Universidad Autónoma de Tamaulipas
60 Cnoobs Universidad Autónoma de Zacatecas
61 Wolves Universidad de Guanajuato - DICIS
64 Conde'n'play ITESM Campus Queretaro
68 Las Chonchas Instituto Tecnologico Superior de Los Reyes
70 UAMC A Universidad Autónoma Metropolitana - Unidad Cuajimalpa
75 3idiotas Unidad Profesional Interdisciplinaria de Ingenieria Campus Zacatecas
76 ITLeon_1 Tecnológico Nacional de México , Instituto Tecnológico de León
78 e^z Facultad de Estudios Superiores Acatlán - UNAM
79 JCC Universidad Anahuac Campus Oaxaca
80 twt Facultad de Estudios Superiores Acatlán - UNAM
81 Los vengadores Universidad Anahuac Campus Oaxaca
83 X-Coders Instituto Tecnológico Superior del Sur de Guanajuato
84 Zurdok Instituto Tecnológico Superior de El Mante
85 Enigma Instituto Tecnológico de Costa Rica campus Alajuela
86 Compilando... Instituto Tecnológico Superior de Calkiní
87 ITSPR2 Instituto Tecnologico Superior de Poza Rica
88 Chinchanpu Universidad Autónoma de Aguascalientes
89 Team FisMat Universidad Autónoma de Coahuila
91 Los de Civil Universidad Autónoma de Tamaulipas
95 Salamandras Azules Universidad de Guadalajara CUCEI
98 KDT ITESO University
99 Asgardian ITESO University
100 Where's the pizza Universidad Nacional de Costa Rica
101 UPQROO Cancun Universidad Politécnica de Quintana Roo
104 MASTER.NET Instituto Tecnologico Superior de Lerdo
105 Legio I Instituto Tecnológico Superior de Guanajuato
109 CODE_KIL Instituto Tecnologico Superior de Ciudad Hidalgo
111 Los religiosos Instituto Tecnológico Superior de Guanajuato
119 Hakunas Universidad Popular Autónoma del Estado de Puebla
121 The Brewskis ITESM Campus Santa Fe
124 leopardos Instituto Tecnológico de Ciudad Madero
138 Penguins Universidad de Guanajuato - DICIS
141 silumgar Instituto Tecnologico de Nuevo Leon
142 Caribbean Coders Universidad del Caribe
148 BUGs Universidad de Guanajuato, Sede YURIRIA
152 Printfers Unidad Profesional Interdisciplinaria de Ingenieria Campus Zacatecas
156 Robocode ESIME Azcapotzalco
159 chomsky Universidad Politécnica de Chiapas
160 J-Team Universidad Nacional de Costa Rica
165 UPQROO Cancun II Universidad Politécnica de Quintana Roo
