Felicidad 89
Peronas 61
4: 0     3: 15     2:17
Porcentaje 0.364754
1.Pronosticos II    2.Confiabilidad    3.T de Juegos    4.Sistem DinaII
1.Pronosticos II    2.Confiabilidad    3.T de Juegos    5.E Diferencial
1.Pronosticos II    2.Confiabilidad    3.T de Juegos    6.TemaSel Mate

Felicidad 109
Peronas 61
4: 0     3: 17     2:16
Porcentaje 0.446721
1.Pronosticos II    2.Confiabilidad    3.T de Juegos    4.Sistem DinaII
1.Pronosticos II    2.Confiabilidad    3.T de Juegos    5.E Diferencial
1.Pronosticos II    2.Confiabilidad    3.T de Juegos    7.Seguridad C

Felicidad 125
Peronas 61
4: 8     3: 15     2:14
Porcentaje 0.512295
1.Pronosticos II    2.Confiabilidad    3.T de Juegos    4.Sistem DinaII
1.Pronosticos II    2.Confiabilidad    3.T de Juegos    5.E Diferencial
1.Pronosticos II    2.Confiabilidad    3.T de Juegos    8.Minería Dat

Felicidad 135
Peronas 61
4: 1     3: 20     2:32
Porcentaje 0.553279
1.Pronosticos II    2.Confiabilidad    3.T de Juegos    4.Sistem DinaII
1.Pronosticos II    2.Confiabilidad    3.T de Juegos    5.E Diferencial
1.Pronosticos II    2.Confiabilidad    7.Seguridad C    8.Minería Dat

Felicidad 139
Peronas 61
4: 2     3: 22     2:29
Porcentaje 0.569672
1.Pronosticos II    2.Confiabilidad    3.T de Juegos    4.Sistem DinaII
1.Pronosticos II    2.Confiabilidad    3.T de Juegos    5.E Diferencial
1.Pronosticos II    3.T de Juegos    7.Seguridad C    8.Minería Dat

Felicidad 144
Peronas 61
4: 0     3: 29     2:26
Porcentaje 0.590164
1.Pronosticos II    2.Confiabilidad    3.T de Juegos    4.Sistem DinaII
1.Pronosticos II    2.Confiabilidad    3.T de Juegos    5.E Diferencial
1.Pronosticos II    7.Seguridad C    8.Minería Dat    10.Progr Paral

Felicidad 149
Peronas 61
4: 0     3: 32     2:25
Porcentaje 0.610656
1.Pronosticos II    2.Confiabilidad    3.T de Juegos    4.Sistem DinaII
1.Pronosticos II    2.Confiabilidad    3.T de Juegos    5.E Diferencial
1.Pronosticos II    7.Seguridad C    8.Minería Dat    11.Adminis Redes

Felicidad 150
Peronas 61
4: 1     3: 31     2:25
Porcentaje 0.614754
1.Pronosticos II    2.Confiabilidad    3.T de Juegos    4.Sistem DinaII
1.Pronosticos II    2.Confiabilidad    3.T de Juegos    5.E Diferencial
3.T de Juegos    7.Seguridad C    8.Minería Dat    11.Adminis Redes

Felicidad 155
Peronas 61
4: 9     3: 20     2:28
Porcentaje 0.635246
1.Pronosticos II    2.Confiabilidad    3.T de Juegos    4.Sistem DinaII
1.Pronosticos II    2.Confiabilidad    3.T de Juegos    5.E Diferencial
7.Seguridad C    8.Minería Dat    10.Progr Paral    11.Adminis Redes

Felicidad 156
Peronas 61
4: 9     3: 22     2:25
Porcentaje 0.639344
1.Pronosticos II    2.Confiabilidad    3.T de Juegos    4.Sistem DinaII
1.Pronosticos II    2.Confiabilidad    3.T de Juegos    6.TemaSel Mate
7.Seguridad C    8.Minería Dat    10.Progr Paral    11.Adminis Redes

Felicidad 157
Peronas 61
4: 9     3: 23     2:24
Porcentaje 0.643443
1.Pronosticos II    2.Confiabilidad    3.T de Juegos    4.Sistem DinaII
1.Pronosticos II    2.Confiabilidad    3.T de Juegos    7.Seguridad C
7.Seguridad C    8.Minería Dat    10.Progr Paral    11.Adminis Redes

Felicidad 158
Peronas 61
4: 8     3: 27     2:20
Porcentaje 0.647541
1.Pronosticos II    2.Confiabilidad    3.T de Juegos    4.Sistem DinaII
1.Pronosticos II    2.Confiabilidad    3.T de Juegos    8.Minería Dat
1.Pronosticos II    7.Seguridad C    8.Minería Dat    10.Progr Paral

Felicidad 162
Peronas 61
4: 8     3: 29     2:20
Porcentaje 0.663934
1.Pronosticos II    2.Confiabilidad    3.T de Juegos    4.Sistem DinaII
1.Pronosticos II    2.Confiabilidad    3.T de Juegos    8.Minería Dat
1.Pronosticos II    7.Seguridad C    8.Minería Dat    11.Adminis Redes

Felicidad 166
Peronas 61
4: 9     3: 28     2:23
Porcentaje 0.680328
1.Pronosticos II    2.Confiabilidad    3.T de Juegos    4.Sistem DinaII
1.Pronosticos II    2.Confiabilidad    3.T de Juegos    8.Minería Dat
3.T de Juegos    7.Seguridad C    8.Minería Dat    11.Adminis Redes

Felicidad 166
Peronas 61
4: 8     3: 33     2:16
Porcentaje 0.680328
1.Pronosticos II    2.Confiabilidad    3.T de Juegos    4.Sistem DinaII
1.Pronosticos II    2.Confiabilidad    3.T de Juegos    8.Minería Dat
6.TemaSel Mate    7.Seguridad C    8.Minería Dat    11.Adminis Redes

Felicidad 168
Peronas 61
4: 8     3: 33     2:18
Porcentaje 0.688525
1.Pronosticos II    2.Confiabilidad    3.T de Juegos    4.Sistem DinaII
1.Pronosticos II    2.Confiabilidad    3.T de Juegos    8.Minería Dat
7.Seguridad C    8.Minería Dat    9.Tec Multi    11.Adminis Redes

Felicidad 172
Peronas 61
4: 17     3: 21     2:19
Porcentaje 0.704918
1.Pronosticos II    2.Confiabilidad    3.T de Juegos    4.Sistem DinaII
1.Pronosticos II    2.Confiabilidad    3.T de Juegos    8.Minería Dat
7.Seguridad C    8.Minería Dat    10.Progr Paral    11.Adminis Redes

Felicidad 174
Peronas 61
4: 17     3: 22     2:19
Porcentaje 0.713115
1.Pronosticos II    2.Confiabilidad    3.T de Juegos    5.E Diferencial
1.Pronosticos II    2.Confiabilidad    3.T de Juegos    8.Minería Dat
7.Seguridad C    8.Minería Dat    10.Progr Paral    11.Adminis Redes

Felicidad 174
Peronas 61
4: 17     3: 23     2:17
Porcentaje 0.713115
1.Pronosticos II    2.Confiabilidad    3.T de Juegos    6.TemaSel Mate
1.Pronosticos II    2.Confiabilidad    3.T de Juegos    8.Minería Dat
7.Seguridad C    8.Minería Dat    10.Progr Paral    11.Adminis Redes

Felicidad 176
Peronas 61
4: 20     3: 18     2:20
Porcentaje 0.721311
1.Pronosticos II    2.Confiabilidad    3.T de Juegos    8.Minería Dat
1.Pronosticos II    2.Confiabilidad    3.T de Juegos    11.Adminis Redes
7.Seguridad C    8.Minería Dat    10.Progr Paral    11.Adminis Redes

Felicidad 176
Peronas 61
4: 17     3: 24     2:17
Porcentaje 0.721311
1.Pronosticos II    2.Confiabilidad    3.T de Juegos    8.Minería Dat
1.Pronosticos II    3.T de Juegos    4.Sistem DinaII    5.E Diferencial
7.Seguridad C    8.Minería Dat    10.Progr Paral    11.Adminis Redes

Felicidad 177
Peronas 61
4: 18     3: 23     2:17
Porcentaje 0.725410
1.Pronosticos II    2.Confiabilidad    3.T de Juegos    8.Minería Dat
1.Pronosticos II    3.T de Juegos    5.E Diferencial    6.TemaSel Mate
7.Seguridad C    8.Minería Dat    10.Progr Paral    11.Adminis Redes

Felicidad 177
Peronas 61
4: 17     3: 23     2:20
Porcentaje 0.725410
1.Pronosticos II    2.Confiabilidad    3.T de Juegos    8.Minería Dat
1.Pronosticos II    3.T de Juegos    5.E Diferencial    11.Adminis Redes
7.Seguridad C    8.Minería Dat    10.Progr Paral    11.Adminis Redes

Felicidad 177
Peronas 61
4: 17     3: 23     2:20
Porcentaje 0.725410
1.Pronosticos II    2.Confiabilidad    3.T de Juegos    8.Minería Dat
1.Pronosticos II    3.T de Juegos    5.E Diferencial    13.Eval Proye
7.Seguridad C    8.Minería Dat    10.Progr Paral    11.Adminis Redes

Felicidad 177
Peronas 61
4: 18     3: 24     2:15
Porcentaje 0.725410
1.Pronosticos II    2.Confiabilidad    3.T de Juegos    8.Minería Dat
1.Pronosticos II    3.T de Juegos    6.TemaSel Mate    8.Minería Dat
7.Seguridad C    8.Minería Dat    10.Progr Paral    11.Adminis Redes

Felicidad 177
Peronas 61
4: 17     3: 23     2:20
Porcentaje 0.725410
1.Pronosticos II    2.Confiabilidad    3.T de Juegos    8.Minería Dat
1.Pronosticos II    3.T de Juegos    6.TemaSel Mate    13.Eval Proye
7.Seguridad C    8.Minería Dat    10.Progr Paral    11.Adminis Redes

Felicidad 177
Peronas 61
4: 17     3: 25     2:16
Porcentaje 0.725410
1.Pronosticos II    2.Confiabilidad    3.T de Juegos    8.Minería Dat
1.Pronosticos II    3.T de Juegos    11.Adminis Redes    13.Eval Proye
7.Seguridad C    8.Minería Dat    10.Progr Paral    11.Adminis Redes

Felicidad 177
Peronas 61
4: 18     3: 26     2:11
Porcentaje 0.725410
1.Pronosticos II    2.Confiabilidad    3.T de Juegos    8.Minería Dat
1.Pronosticos II    6.TemaSel Mate    7.Seguridad C    8.Minería Dat
7.Seguridad C    8.Minería Dat    10.Progr Paral    11.Adminis Redes

Felicidad 177
Peronas 61
4: 17     3: 25     2:16
Porcentaje 0.725410
1.Pronosticos II    2.Confiabilidad    3.T de Juegos    8.Minería Dat
1.Pronosticos II    9.Tec Multi    11.Adminis Redes    13.Eval Proye
7.Seguridad C    8.Minería Dat    10.Progr Paral    11.Adminis Redes

Felicidad 177
Peronas 61
4: 19     3: 21     2:18
Porcentaje 0.725410
1.Pronosticos II    2.Confiabilidad    3.T de Juegos    8.Minería Dat
2.Confiabilidad    3.T de Juegos    8.Minería Dat    13.Eval Proye
7.Seguridad C    8.Minería Dat    10.Progr Paral    11.Adminis Redes

Felicidad 177
Peronas 61
4: 17     3: 25     2:16
Porcentaje 0.725410
1.Pronosticos II    2.Confiabilidad    3.T de Juegos    8.Minería Dat
2.Confiabilidad    3.T de Juegos    11.Adminis Redes    13.Eval Proye
7.Seguridad C    8.Minería Dat    10.Progr Paral    11.Adminis Redes

Felicidad 177
Peronas 61
4: 17     3: 25     2:16
Porcentaje 0.725410
1.Pronosticos II    2.Confiabilidad    3.T de Juegos    8.Minería Dat
2.Confiabilidad    9.Tec Multi    11.Adminis Redes    13.Eval Proye
7.Seguridad C    8.Minería Dat    10.Progr Paral    11.Adminis Redes

Felicidad 178
Peronas 61
4: 19     3: 22     2:17
Porcentaje 0.729508
1.Pronosticos II    2.Confiabilidad    3.T de Juegos    8.Minería Dat
3.T de Juegos    4.Sistem DinaII    5.E Diferencial    6.TemaSel Mate
7.Seguridad C    8.Minería Dat    10.Progr Paral    11.Adminis Redes

Felicidad 178
Peronas 61
4: 17     3: 24     2:19
Porcentaje 0.729508
1.Pronosticos II    2.Confiabilidad    3.T de Juegos    8.Minería Dat
3.T de Juegos    4.Sistem DinaII    5.E Diferencial    11.Adminis Redes
7.Seguridad C    8.Minería Dat    10.Progr Paral    11.Adminis Redes

Felicidad 178
Peronas 61
4: 17     3: 24     2:19
Porcentaje 0.729508
1.Pronosticos II    2.Confiabilidad    3.T de Juegos    8.Minería Dat
3.T de Juegos    4.Sistem DinaII    5.E Diferencial    13.Eval Proye
7.Seguridad C    8.Minería Dat    10.Progr Paral    11.Adminis Redes

Felicidad 179
Peronas 61
4: 17     3: 25     2:18
Porcentaje 0.733607
1.Pronosticos II    2.Confiabilidad    3.T de Juegos    8.Minería Dat
3.T de Juegos    4.Sistem DinaII    11.Adminis Redes    13.Eval Proye
7.Seguridad C    8.Minería Dat    10.Progr Paral    11.Adminis Redes

Felicidad 179
Peronas 61
4: 17     3: 25     2:18
Porcentaje 0.733607
1.Pronosticos II    2.Confiabilidad    3.T de Juegos    8.Minería Dat
3.T de Juegos    5.E Diferencial    6.TemaSel Mate    11.Adminis Redes
7.Seguridad C    8.Minería Dat    10.Progr Paral    11.Adminis Redes

Felicidad 179
Peronas 61
4: 17     3: 25     2:18
Porcentaje 0.733607
1.Pronosticos II    2.Confiabilidad    3.T de Juegos    8.Minería Dat
3.T de Juegos    5.E Diferencial    6.TemaSel Mate    13.Eval Proye
7.Seguridad C    8.Minería Dat    10.Progr Paral    11.Adminis Redes
0 personas de 1
1 persona de 0


Felicidad 180
Peronas 61
4: 18     3: 24     2:18
Porcentaje 0.737705
1.Pronosticos II    2.Confiabilidad    3.T de Juegos    8.Minería Dat
3.T de Juegos    5.E Diferencial    11.Adminis Redes    13.Eval Proye
7.Seguridad C    8.Minería Dat    10.Progr Paral    11.Adminis Redes
0 personas de 1
1 persona de 0

Felicidad 181
Peronas 61
4: 19     3: 25     2:14
Porcentaje 0.741803
1.Pronosticos II    2.Confiabilidad    3.T de Juegos    8.Minería Dat
3.T de Juegos    9.Tec Multi    11.Adminis Redes    13.Eval Proye
7.Seguridad C    8.Minería Dat    10.Progr Paral    11.Adminis Redes
2 personas de 1
1 personas de 0
