Felicidad 104
Personas 79
4: 0     3: 3     2:27
Porcentaje 0.329114
1.Elem. de finanzas e Inv.    2.Admin. de Sit. de Conta.    3.Metodos variacionales    4.Sistemas Dinamicos
1.Elem. de finanzas e Inv.    2.Admin. de Sit. de Conta.    3.Metodos variacionales    5.Temas Sel. Mate.
1.Elem. de finanzas e Inv.    2.Admin. de Sit. de Conta.    3.Metodos variacionales    6.Graf. por Computadora

Felicidad 117
Personas 79
4: 0     3: 8     2:26
Porcentaje 0.370253
1.Elem. de finanzas e Inv.    2.Admin. de Sit. de Conta.    3.Metodos variacionales    4.Sistemas Dinamicos
1.Elem. de finanzas e Inv.    2.Admin. de Sit. de Conta.    3.Metodos variacionales    5.Temas Sel. Mate.
1.Elem. de finanzas e Inv.    2.Admin. de Sit. de Conta.    3.Metodos variacionales    7. Sistemas inteligentes

Felicidad 134
Personas 79
4: 0     3: 14     2:31
Porcentaje 0.424051
1.Elem. de finanzas e Inv.    2.Admin. de Sit. de Conta.    3.Metodos variacionales    4.Sistemas Dinamicos
1.Elem. de finanzas e Inv.    2.Admin. de Sit. de Conta.    3.Metodos variacionales    5.Temas Sel. Mate.
1.Elem. de finanzas e Inv.    2.Admin. de Sit. de Conta.    3.Metodos variacionales    14.Admin BD

Felicidad 138
Personas 79
4: 0     3: 15     2:33
Porcentaje 0.436709
1.Elem. de finanzas e Inv.    2.Admin. de Sit. de Conta.    3.Metodos variacionales    4.Sistemas Dinamicos
1.Elem. de finanzas e Inv.    2.Admin. de Sit. de Conta.    3.Metodos variacionales    5.Temas Sel. Mate.
1.Elem. de finanzas e Inv.    2.Admin. de Sit. de Conta.    4.Sistemas Dinamicos    14.Admin BD

Felicidad 152
Personas 79
4: 0     3: 16     2:43
Porcentaje 0.481013
1.Elem. de finanzas e Inv.    2.Admin. de Sit. de Conta.    3.Metodos variacionales    4.Sistemas Dinamicos
1.Elem. de finanzas e Inv.    2.Admin. de Sit. de Conta.    3.Metodos variacionales    5.Temas Sel. Mate.
1.Elem. de finanzas e Inv.    2.Admin. de Sit. de Conta.    6.Graf. por Computadora    14.Admin BD

Felicidad 165
Personas 79
4: 5     3: 12     2:48
Porcentaje 0.522152
1.Elem. de finanzas e Inv.    2.Admin. de Sit. de Conta.    3.Metodos variacionales    4.Sistemas Dinamicos
1.Elem. de finanzas e Inv.    2.Admin. de Sit. de Conta.    3.Metodos variacionales    5.Temas Sel. Mate.
1.Elem. de finanzas e Inv.    2.Admin. de Sit. de Conta.    7. Sistemas inteligentes    14.Admin BD

Felicidad 168
Personas 79
4: 1     3: 21     2:45
Porcentaje 0.531646
1.Elem. de finanzas e Inv.    2.Admin. de Sit. de Conta.    3.Metodos variacionales    4.Sistemas Dinamicos
1.Elem. de finanzas e Inv.    2.Admin. de Sit. de Conta.    3.Metodos variacionales    5.Temas Sel. Mate.
1.Elem. de finanzas e Inv.    6.Graf. por Computadora    7. Sistemas inteligentes    14.Admin BD

Felicidad 169
Personas 79
4: 0     3: 25     2:41
Porcentaje 0.534810
1.Elem. de finanzas e Inv.    2.Admin. de Sit. de Conta.    3.Metodos variacionales    4.Sistemas Dinamicos
1.Elem. de finanzas e Inv.    2.Admin. de Sit. de Conta.    3.Metodos variacionales    5.Temas Sel. Mate.
1.Elem. de finanzas e Inv.    7. Sistemas inteligentes    11.Analisis de Des. y Teo. Juegos     14.Admin BD

Felicidad 172
Personas 79
4: 0     3: 29     2:36
Porcentaje 0.544304
1.Elem. de finanzas e Inv.    2.Admin. de Sit. de Conta.    3.Metodos variacionales    4.Sistemas Dinamicos
1.Elem. de finanzas e Inv.    2.Admin. de Sit. de Conta.    3.Metodos variacionales    5.Temas Sel. Mate.
1.Elem. de finanzas e Inv.    7. Sistemas inteligentes    13. Prog. Multimed     14.Admin BD

Felicidad 172
Personas 79
4: 0     3: 25     2:44
Porcentaje 0.544304
1.Elem. de finanzas e Inv.    2.Admin. de Sit. de Conta.    3.Metodos variacionales    4.Sistemas Dinamicos
1.Elem. de finanzas e Inv.    2.Admin. de Sit. de Conta.    3.Metodos variacionales    7. Sistemas inteligentes
6.Graf. por Computadora    7. Sistemas inteligentes    11.Analisis de Des. y Teo. Juegos     14.Admin BD

Felicidad 172
Personas 79
4: 0     3: 28     2:38
Porcentaje 0.544304
1.Elem. de finanzas e Inv.    2.Admin. de Sit. de Conta.    3.Metodos variacionales    4.Sistemas Dinamicos
1.Elem. de finanzas e Inv.    2.Admin. de Sit. de Conta.    3.Metodos variacionales    9.Simulacion esto.
1.Elem. de finanzas e Inv.    7. Sistemas inteligentes    13. Prog. Multimed     14.Admin BD

Felicidad 173
Personas 79
4: 7     3: 10     2:54
Porcentaje 0.547468
1.Elem. de finanzas e Inv.    2.Admin. de Sit. de Conta.    3.Metodos variacionales    4.Sistemas Dinamicos
1.Elem. de finanzas e Inv.    2.Admin. de Sit. de Conta.    3.Metodos variacionales    9.Simulacion esto.
6.Graf. por Computadora    7. Sistemas inteligentes    13. Prog. Multimed     14.Admin BD

Felicidad 173
Personas 79
4: 0     3: 31     2:33
Porcentaje 0.547468
1.Elem. de finanzas e Inv.    2.Admin. de Sit. de Conta.    3.Metodos variacionales    4.Sistemas Dinamicos
1.Elem. de finanzas e Inv.    2.Admin. de Sit. de Conta.    3.Metodos variacionales    10. Temas Sel. de Esta.
1.Elem. de finanzas e Inv.    7. Sistemas inteligentes    13. Prog. Multimed     14.Admin BD

Felicidad 180
Personas 79
4: 2     3: 26     2:44
Porcentaje 0.569620
1.Elem. de finanzas e Inv.    2.Admin. de Sit. de Conta.    3.Metodos variacionales    4.Sistemas Dinamicos
1.Elem. de finanzas e Inv.    2.Admin. de Sit. de Conta.    3.Metodos variacionales    11.Analisis de Des. y Teo. Juegos 
1.Elem. de finanzas e Inv.    6.Graf. por Computadora    7. Sistemas inteligentes    14.Admin BD

Felicidad 183
Personas 79
4: 1     3: 34     2:34
Porcentaje 0.579114
1.Elem. de finanzas e Inv.    2.Admin. de Sit. de Conta.    3.Metodos variacionales    4.Sistemas Dinamicos
1.Elem. de finanzas e Inv.    2.Admin. de Sit. de Conta.    3.Metodos variacionales    11.Analisis de Des. y Teo. Juegos 
1.Elem. de finanzas e Inv.    7. Sistemas inteligentes    13. Prog. Multimed     14.Admin BD

Felicidad 185
Personas 79
4: 8     3: 16     2:51
Porcentaje 0.585443
1.Elem. de finanzas e Inv.    2.Admin. de Sit. de Conta.    3.Metodos variacionales    4.Sistemas Dinamicos
1.Elem. de finanzas e Inv.    2.Admin. de Sit. de Conta.    3.Metodos variacionales    11.Analisis de Des. y Teo. Juegos 
6.Graf. por Computadora    7. Sistemas inteligentes    13. Prog. Multimed     14.Admin BD

Felicidad 186
Personas 79
4: 7     3: 20     2:47
Porcentaje 0.588608
1.Elem. de finanzas e Inv.    2.Admin. de Sit. de Conta.    3.Metodos variacionales    4.Sistemas Dinamicos
1.Elem. de finanzas e Inv.    2.Admin. de Sit. de Conta.    3.Metodos variacionales    14.Admin BD
6.Graf. por Computadora    7. Sistemas inteligentes    13. Prog. Multimed     14.Admin BD

Felicidad 187
Personas 79
4: 7     3: 21     2:46
Porcentaje 0.591772
1.Elem. de finanzas e Inv.    2.Admin. de Sit. de Conta.    3.Metodos variacionales    4.Sistemas Dinamicos
1.Elem. de finanzas e Inv.    2.Admin. de Sit. de Conta.    4.Sistemas Dinamicos    14.Admin BD
6.Graf. por Computadora    7. Sistemas inteligentes    13. Prog. Multimed     14.Admin BD

Felicidad 187
Personas 79
4: 8     3: 18     2:49
Porcentaje 0.591772
1.Elem. de finanzas e Inv.    2.Admin. de Sit. de Conta.    3.Metodos variacionales    4.Sistemas Dinamicos
1.Elem. de finanzas e Inv.    2.Admin. de Sit. de Conta.    5.Temas Sel. Mate.    11.Analisis de Des. y Teo. Juegos 
6.Graf. por Computadora    7. Sistemas inteligentes    13. Prog. Multimed     14.Admin BD

Felicidad 188
Personas 79
4: 7     3: 22     2:45
Porcentaje 0.594937
1.Elem. de finanzas e Inv.    2.Admin. de Sit. de Conta.    3.Metodos variacionales    4.Sistemas Dinamicos
1.Elem. de finanzas e Inv.    2.Admin. de Sit. de Conta.    5.Temas Sel. Mate.    14.Admin BD
6.Graf. por Computadora    7. Sistemas inteligentes    13. Prog. Multimed     14.Admin BD

Felicidad 189
Personas 79
4: 7     3: 23     2:44
Porcentaje 0.598101
1.Elem. de finanzas e Inv.    2.Admin. de Sit. de Conta.    3.Metodos variacionales    4.Sistemas Dinamicos
1.Elem. de finanzas e Inv.    2.Admin. de Sit. de Conta.    7. Sistemas inteligentes    11.Analisis de Des. y Teo. Juegos 
6.Graf. por Computadora    7. Sistemas inteligentes    13. Prog. Multimed     14.Admin BD

Felicidad 189
Personas 79
4: 7     3: 24     2:42
Porcentaje 0.598101
1.Elem. de finanzas e Inv.    2.Admin. de Sit. de Conta.    3.Metodos variacionales    4.Sistemas Dinamicos
1.Elem. de finanzas e Inv.    2.Admin. de Sit. de Conta.    7. Sistemas inteligentes    14.Admin BD
6.Graf. por Computadora    7. Sistemas inteligentes    9.Simulacion esto.    14.Admin BD

Felicidad 193
Personas 79
4: 12     3: 17     2:45
Porcentaje 0.610759
1.Elem. de finanzas e Inv.    2.Admin. de Sit. de Conta.    3.Metodos variacionales    4.Sistemas Dinamicos
1.Elem. de finanzas e Inv.    2.Admin. de Sit. de Conta.    7. Sistemas inteligentes    14.Admin BD
6.Graf. por Computadora    7. Sistemas inteligentes    13. Prog. Multimed     14.Admin BD

Felicidad 193
Personas 79
4: 8     3: 23     2:45
Porcentaje 0.610759
1.Elem. de finanzas e Inv.    2.Admin. de Sit. de Conta.    3.Metodos variacionales    4.Sistemas Dinamicos
1.Elem. de finanzas e Inv.    2.Admin. de Sit. de Conta.    9.Simulacion esto.    11.Analisis de Des. y Teo. Juegos 
6.Graf. por Computadora    7. Sistemas inteligentes    13. Prog. Multimed     14.Admin BD

Felicidad 193
Personas 79
4: 0     3: 41     2:33
Porcentaje 0.610759
1.Elem. de finanzas e Inv.    2.Admin. de Sit. de Conta.    3.Metodos variacionales    4.Sistemas Dinamicos
1.Elem. de finanzas e Inv.    2.Admin. de Sit. de Conta.    9.Simulacion esto.    14.Admin BD
6.Graf. por Computadora    7. Sistemas inteligentes    12.Sist. operativos    14.Admin BD

Felicidad 196
Personas 79
4: 7     3: 30     2:37
Porcentaje 0.620253
1.Elem. de finanzas e Inv.    2.Admin. de Sit. de Conta.    3.Metodos variacionales    4.Sistemas Dinamicos
1.Elem. de finanzas e Inv.    2.Admin. de Sit. de Conta.    9.Simulacion esto.    14.Admin BD
6.Graf. por Computadora    7. Sistemas inteligentes    13. Prog. Multimed     14.Admin BD

Felicidad 197
Personas 79
4: 2     3: 43     2:27
Porcentaje 0.623418
1.Elem. de finanzas e Inv.    2.Admin. de Sit. de Conta.    3.Metodos variacionales    4.Sistemas Dinamicos
1.Elem. de finanzas e Inv.    2.Admin. de Sit. de Conta.    11.Analisis de Des. y Teo. Juegos     14.Admin BD
1.Elem. de finanzas e Inv.    6.Graf. por Computadora    7. Sistemas inteligentes    14.Admin BD

Felicidad 199
Personas 79
4: 1     3: 44     2:30
Porcentaje 0.629747
1.Elem. de finanzas e Inv.    2.Admin. de Sit. de Conta.    3.Metodos variacionales    4.Sistemas Dinamicos
1.Elem. de finanzas e Inv.    2.Admin. de Sit. de Conta.    11.Analisis de Des. y Teo. Juegos     14.Admin BD
6.Graf. por Computadora    7. Sistemas inteligentes    9.Simulacion esto.    13. Prog. Multimed 

Felicidad 203
Personas 79
4: 3     3: 47     2:22
Porcentaje 0.642405
1.Elem. de finanzas e Inv.    2.Admin. de Sit. de Conta.    3.Metodos variacionales    4.Sistemas Dinamicos
1.Elem. de finanzas e Inv.    2.Admin. de Sit. de Conta.    11.Analisis de Des. y Teo. Juegos     14.Admin BD
6.Graf. por Computadora    7. Sistemas inteligentes    9.Simulacion esto.    14.Admin BD

Felicidad 203
Personas 79
4: 1     3: 50     2:22
Porcentaje 0.642405
1.Elem. de finanzas e Inv.    2.Admin. de Sit. de Conta.    3.Metodos variacionales    4.Sistemas Dinamicos
1.Elem. de finanzas e Inv.    2.Admin. de Sit. de Conta.    11.Analisis de Des. y Teo. Juegos     14.Admin BD
6.Graf. por Computadora    7. Sistemas inteligentes    12.Sist. operativos    14.Admin BD

Felicidad 208
Personas 79
4: 8     3: 39     2:28
Porcentaje 0.658228
1.Elem. de finanzas e Inv.    2.Admin. de Sit. de Conta.    3.Metodos variacionales    4.Sistemas Dinamicos
1.Elem. de finanzas e Inv.    2.Admin. de Sit. de Conta.    11.Analisis de Des. y Teo. Juegos     14.Admin BD
6.Graf. por Computadora    7. Sistemas inteligentes    13. Prog. Multimed     14.Admin BD

Felicidad 211
Personas 79
4: 8     3: 40     2:29
Porcentaje 0.667722
1.Elem. de finanzas e Inv.    2.Admin. de Sit. de Conta.    3.Metodos variacionales    5.Temas Sel. Mate.
1.Elem. de finanzas e Inv.    2.Admin. de Sit. de Conta.    11.Analisis de Des. y Teo. Juegos     14.Admin BD
6.Graf. por Computadora    7. Sistemas inteligentes    13. Prog. Multimed     14.Admin BD

Felicidad 211
Personas 79
4: 13     3: 36     2:24
Porcentaje 0.667722
1.Elem. de finanzas e Inv.    2.Admin. de Sit. de Conta.    7. Sistemas inteligentes    14.Admin BD
1.Elem. de finanzas e Inv.    2.Admin. de Sit. de Conta.    11.Analisis de Des. y Teo. Juegos     14.Admin BD
6.Graf. por Computadora    7. Sistemas inteligentes    13. Prog. Multimed     14.Admin BD

Felicidad 214
Personas 79
4: 8     3: 42     2:28
Porcentaje 0.677215
1.Elem. de finanzas e Inv.    2.Admin. de Sit. de Conta.    11.Analisis de Des. y Teo. Juegos     14.Admin BD
1.Elem. de finanzas e Inv.    3.Metodos variacionales    4.Sistemas Dinamicos    5.Temas Sel. Mate.
6.Graf. por Computadora    7. Sistemas inteligentes    13. Prog. Multimed     14.Admin BD

Felicidad 214
Personas 79
4: 8     3: 43     2:26
Porcentaje 0.677215
1.Elem. de finanzas e Inv.    2.Admin. de Sit. de Conta.    11.Analisis de Des. y Teo. Juegos     14.Admin BD
1.Elem. de finanzas e Inv.    4.Sistemas Dinamicos    5.Temas Sel. Mate.    9.Simulacion esto.
6.Graf. por Computadora    7. Sistemas inteligentes    13. Prog. Multimed     14.Admin BD

Felicidad 215
Personas 79
4: 9     3: 45     2:21
Porcentaje 0.680380
1.Elem. de finanzas e Inv.    2.Admin. de Sit. de Conta.    11.Analisis de Des. y Teo. Juegos     14.Admin BD
1.Elem. de finanzas e Inv.    4.Sistemas Dinamicos    9.Simulacion esto.    14.Admin BD
6.Graf. por Computadora    7. Sistemas inteligentes    13. Prog. Multimed     14.Admin BD

Felicidad 215
Personas 79
4: 12     3: 40     2:22
Porcentaje 0.680380
1.Elem. de finanzas e Inv.    2.Admin. de Sit. de Conta.    11.Analisis de Des. y Teo. Juegos     14.Admin BD
1.Elem. de finanzas e Inv.    9.Simulacion esto.    11.Analisis de Des. y Teo. Juegos     14.Admin BD
6.Graf. por Computadora    7. Sistemas inteligentes    13. Prog. Multimed     14.Admin BD

Felicidad 215
Personas 79
4: 8     3: 45     2:23
Porcentaje 0.680380
1.Elem. de finanzas e Inv.    2.Admin. de Sit. de Conta.    11.Analisis de Des. y Teo. Juegos     14.Admin BD
4.Sistemas Dinamicos    5.Temas Sel. Mate.    9.Simulacion esto.    14.Admin BD
6.Graf. por Computadora    7. Sistemas inteligentes    13. Prog. Multimed     14.Admin BD

Felicidad 216
Personas 79
4: 9     3: 46     2:20
Porcentaje 0.683544
1.Elem. de finanzas e Inv.    2.Admin. de Sit. de Conta.    11.Analisis de Des. y Teo. Juegos     14.Admin BD
4.Sistemas Dinamicos    7. Sistemas inteligentes    9.Simulacion esto.    14.Admin BD
6.Graf. por Computadora    7. Sistemas inteligentes    13. Prog. Multimed     14.Admin BD

