1
D is the counterfeit coin and it is light.
2
3
4
E is the counterfeit coin and it is light.
5
L is the counterfeit coin and it is light.
6
C is the counterfeit coin and it is light.
7
F is the counterfeit coin and it is light.
8
F is the counterfeit coin and it is light.
9
L is the counterfeit coin and it is light.
10
A is the counterfeit coin and it is light.
11
A is the counterfeit coin and it is light.
12
A is the counterfeit coin and it is light.
13
A is the counterfeit coin and it is light.
14
A is the counterfeit coin and it is light.
15
A is the counterfeit coin and it is light.
