Guacamole1 390 20 100 100 70 0 100 0 0
DevelopersCrew 365 0 60 0 100 55 50 100 0
ALV__ 355 0 60 0 100 100 50 0 45
Dinamita 200 0 0 0 100 0 100 0 0
alejandroa 175 0 0 0 70 55 50 0 0
Marcosoft 105 0 0 0 0 55 50 0 0
davalip 100 0 0 0 0 0 100 0 0
alessander_goin1 75 0 0 0 0 55 20 0 0
hebii 50 0 0 0 0 0 50 0 0
Sigma1352 50 0 0 0 0 0 50 0 0
velisnolis_1 50 0 0 0 0 0 50 0 0
jurami89 50 0 0 0 0 0 50 0 0
Viernes_13 50 0 0 0 0 0 50 0 0
Actuary_Training 50 0 0 0 0 0 50 0 0
Los_Gauss 50 0 0 0 0 0 50 0 0
LosSobrinos 50 0 0 0 0 0 50 0 0
ferduarte0123 50 0 0 0 0 0 50 0 0
losdinos 20 0 0 0 0 0 20 0 0
Equipo24 20 0 0 0 0 0 20 0 0
Chuperamigos 20 0 0 0 0 0 20 0 0
MateAtletas 20 0 0 0 0 0 20 0 0
OmegaUNAM 20 0 0 0 0 0 20 0 0
pakitovand31 20 0 0 0 0 0 20 0 0
marianap_4346 0 0 0 0 0 0 0 0 0